2026-01-05 13:11:15,089 - src.engine - INFO - Scanning markets...
2026-01-05 13:11:21,084 - src.engine - INFO - Found 17 active markets
2026-01-05 13:11:21,084 - src.engine - INFO - Detected 0 opportunities
2026-01-05 13:11:21,084 - src.engine - INFO - Sleeping 60s...
2026-01-05 13:12:21,084 - src.engine - INFO - Scanning markets...
2026-01-05 13:12:27,651 - src.engine - INFO - Found 17 active markets
2026-01-05 13:12:27,652 - src.engine - INFO - Detected 0 opportunities
2026-01-05 13:12:27,652 - src.engine - INFO - Sleeping 60s...
2026-01-05 13:13:27,652 - src.engine - INFO - Scanning markets...
2026-01-05 13:13:34,294 - src.engine - INFO - Found 17 active markets
2026-01-05 13:13:34,294 - src.engine - INFO - Detected 0 opportunities
2026-01-05 13:13:34,295 - src.engine - INFO - Sleeping 60s...
2026-01-05 13:14:34,295 - src.engine - INFO - Scanning markets...
2026-01-05 13:14:40,454 - src.engine - INFO - Found 17 active markets
2026-01-05 13:14:40,454 - src.engine - INFO - Detected 0 opportunities
2026-01-05 13:14:40,454 - src.engine - INFO - Sleeping 60s...
2026-01-05 13:15:40,455 - src.engine - INFO - Scanning markets...
2026-01-05 13:15:47,338 - src.engine - INFO - Found 17 active markets
2026-01-05 13:15:47,339 - src.engine - INFO - Detected 0 opportunities
2026-01-05 13:15:47,339 - src.engine - INFO - Sleeping 60s...
2026-01-05 13:16:47,339 - src.engine - INFO - Scanning markets...
2026-01-05 13:16:53,840 - src.engine - INFO - Found 17 active markets
2026-01-05 13:16:53,840 - src.engine - INFO - Detected 0 opportunities
2026-01-05 13:16:53,840 - src.engine - INFO - Sleeping 60s...
2026-01-05 13:17:53,840 - src.engine - INFO - Scanning markets...
2026-01-05 13:17:59,871 - src.engine - INFO - Found 17 active markets
2026-01-05 13:17:59,871 - src.engine - INFO - Detected 0 opportunities
2026-01-05 13:17:59,871 - src.engine - INFO - Sleeping 60s...
2026-01-05 13:18:59,872 - src.engine - INFO - Scanning markets...
2026-01-05 13:19:06,461 - src.engine - INFO - Found 17 active markets
2026-01-05 13:19:06,461 - src.engine - INFO - Detected 0 opportunities
2026-01-05 13:19:06,461 - src.engine - INFO - Sleeping 60s...
2026-01-05 13:20:06,461 - src.engine - INFO - Scanning markets...
2026-01-05 13:20:12,402 - src.engine - INFO - Found 17 active markets
2026-01-05 13:20:12,402 - src.engine - INFO - Detected 0 opportunities
2026-01-05 13:20:12,402 - src.engine - INFO - Sleeping 60s...
2026-01-05 13:21:12,403 - src.engine - INFO - Scanning markets...
2026-01-05 13:21:18,566 - src.engine - INFO - Found 17 active markets
2026-01-05 13:21:18,566 - src.engine - INFO - Detected 0 opportunities
2026-01-05 13:21:18,567 - src.engine - INFO - Sleeping 60s...
2026-01-05 13:22:18,567 - src.engine - INFO - Scanning markets...
2026-01-05 13:22:24,728 - src.engine - INFO - Found 17 active markets
2026-01-05 13:22:24,728 - src.engine - INFO - Detected 0 opportunities
2026-01-05 13:22:24,728 - src.engine - INFO - Sleeping 60s...
2026-01-05 13:23:24,729 - src.engine - INFO - Scanning markets...
2026-01-05 13:23:31,377 - src.engine - INFO - Found 17 active markets
2026-01-05 13:23:31,378 - src.engine - INFO - Detected 0 opportunities
2026-01-05 13:23:31,378 - src.engine - INFO - Sleeping 60s...
2026-01-05 13:24:31,378 - src.engine - INFO - Scanning markets...
2026-01-05 13:24:37,434 - src.engine - INFO - Found 17 active markets
2026-01-05 13:24:37,434 - src.engine - INFO - Detected 0 opportunities
2026-01-05 13:24:37,434 - src.engine - INFO - Sleeping 60s...
2026-01-05 13:25:37,436 - src.engine - INFO - Scanning markets...
2026-01-05 13:25:44,197 - src.engine - INFO - Found 17 active markets
2026-01-05 13:25:44,198 - src.engine - INFO - Detected 0 opportunities
2026-01-05 13:25:44,198 - src.engine - INFO - Sleeping 60s...
2026-01-05 13:26:44,198 - src.engine - INFO - Scanning markets...
2026-01-05 13:26:50,021 - src.engine - INFO - Found 17 active markets
2026-01-05 13:26:50,021 - src.engine - INFO - Detected 0 opportunities
2026-01-05 13:26:50,021 - src.engine - INFO - Sleeping 60s...
2026-01-05 13:27:50,022 - src.engine - INFO - Scanning markets...
2026-01-05 13:27:55,929 - src.engine - INFO - Found 17 active markets
2026-01-05 13:27:55,929 - src.engine - INFO - Detected 0 opportunities
2026-01-05 13:27:55,929 - src.engine - INFO - Sleeping 60s...
2026-01-05 13:28:55,930 - src.engine - INFO - Scanning markets...
2026-01-05 13:29:02,849 - src.engine - INFO - Found 17 active markets
2026-01-05 13:29:02,849 - src.engine - INFO - Detected 0 opportunities
2026-01-05 13:29:02,849 - src.engine - INFO - Sleeping 60s...
2026-01-05 13:30:02,850 - src.engine - INFO - Scanning markets...
2026-01-05 13:30:10,017 - src.engine - INFO - Found 17 active markets
2026-01-05 13:30:10,018 - src.engine - INFO - Detected 0 opportunities
2026-01-05 13:30:10,018 - src.engine - INFO - Sleeping 60s...
2026-01-05 13:31:10,019 - src.engine - INFO - Scanning markets...
2026-01-05 13:31:17,230 - src.engine - INFO - Found 17 active markets
2026-01-05 13:31:17,231 - src.engine - INFO - Detected 0 opportunities
2026-01-05 13:31:17,231 - src.engine - INFO - Sleeping 60s...
2026-01-05 13:32:17,232 - src.engine - INFO - Scanning markets...
2026-01-05 13:32:23,466 - src.engine - INFO - Found 17 active markets
2026-01-05 13:32:23,466 - src.engine - INFO - Detected 0 opportunities
2026-01-05 13:32:23,466 - src.engine - INFO - Sleeping 60s...
2026-01-05 13:33:23,467 - src.engine - INFO - Scanning markets...
2026-01-05 13:33:30,192 - src.engine - INFO - Found 17 active markets
2026-01-05 13:33:30,192 - src.engine - INFO - Detected 0 opportunities
2026-01-05 13:33:30,192 - src.engine - INFO - Sleeping 60s...
2026-01-05 13:34:30,192 - src.engine - INFO - Scanning markets...
2026-01-05 13:34:36,602 - src.engine - INFO - Found 17 active markets
2026-01-05 13:34:36,603 - src.engine - INFO - Detected 0 opportunities
2026-01-05 13:34:36,603 - src.engine - INFO - Sleeping 60s...
2026-01-05 13:35:36,603 - src.engine - INFO - Scanning markets...
2026-01-05 13:35:43,494 - src.engine - INFO - Found 17 active markets
2026-01-05 13:35:43,494 - src.engine - INFO - Detected 0 opportunities
2026-01-05 13:35:43,494 - src.engine - INFO - Sleeping 60s...
2026-01-05 13:36:43,495 - src.engine - INFO - Scanning markets...
2026-01-05 13:36:49,651 - src.engine - INFO - Found 17 active markets
2026-01-05 13:36:49,652 - src.engine - INFO - Detected 0 opportunities
2026-01-05 13:36:49,652 - src.engine - INFO - Sleeping 60s...
2026-01-05 13:37:49,652 - src.engine - INFO - Scanning markets...
2026-01-05 13:37:56,366 - src.engine - INFO - Found 17 active markets
2026-01-05 13:37:56,367 - src.engine - INFO - Detected 0 opportunities
2026-01-05 13:37:56,367 - src.engine - INFO - Sleeping 60s...
2026-01-05 13:38:56,367 - src.engine - INFO - Scanning markets...
2026-01-05 13:39:03,949 - src.engine - INFO - Found 17 active markets
2026-01-05 13:39:03,949 - src.engine - INFO - Detected 0 opportunities
2026-01-05 13:39:03,949 - src.engine - INFO - Sleeping 60s...
2026-01-05 13:40:03,949 - src.engine - INFO - Scanning markets...
2026-01-05 13:40:11,098 - src.engine - INFO - Found 17 active markets
2026-01-05 13:40:11,099 - src.engine - INFO - Detected 0 opportunities
2026-01-05 13:40:11,099 - src.engine - INFO - Sleeping 60s...
2026-01-05 13:41:11,100 - src.engine - INFO - Scanning markets...
2026-01-05 13:41:18,050 - src.engine - INFO - Found 17 active markets
2026-01-05 13:41:18,050 - src.engine - INFO - Detected 0 opportunities
2026-01-05 13:41:18,050 - src.engine - INFO - Sleeping 60s...
2026-01-05 13:42:18,051 - src.engine - INFO - Scanning markets...
2026-01-05 13:42:25,291 - src.engine - INFO - Found 17 active markets
2026-01-05 13:42:25,292 - src.engine - INFO - Detected 0 opportunities
2026-01-05 13:42:25,292 - src.engine - INFO - Sleeping 60s...
2026-01-05 13:43:25,292 - src.engine - INFO - Scanning markets...
2026-01-05 13:43:31,976 - src.engine - INFO - Found 17 active markets
2026-01-05 13:43:31,977 - src.engine - INFO - Detected 0 opportunities
2026-01-05 13:43:31,977 - src.engine - INFO - Sleeping 60s...
2026-01-05 13:44:31,977 - src.engine - INFO - Scanning markets...
2026-01-05 13:44:38,800 - src.engine - INFO - Found 17 active markets
2026-01-05 13:44:38,800 - src.engine - INFO - Detected 0 opportunities
2026-01-05 13:44:38,800 - src.engine - INFO - Sleeping 60s...
2026-01-05 13:45:38,801 - src.engine - INFO - Scanning markets...
2026-01-05 13:45:45,776 - src.engine - INFO - Found 17 active markets
2026-01-05 13:45:45,777 - src.engine - INFO - Detected 0 opportunities
2026-01-05 13:45:45,777 - src.engine - INFO - Sleeping 60s...
2026-01-05 13:46:45,777 - src.engine - INFO - Scanning markets...
2026-01-05 13:46:52,461 - src.engine - INFO - Found 17 active markets
2026-01-05 13:46:52,461 - src.engine - INFO - Detected 0 opportunities
2026-01-05 13:46:52,461 - src.engine - INFO - Sleeping 60s...
2026-01-05 13:47:52,462 - src.engine - INFO - Scanning markets...
2026-01-05 13:47:58,813 - src.engine - INFO - Found 17 active markets
2026-01-05 13:47:58,813 - src.engine - INFO - Detected 0 opportunities
2026-01-05 13:47:58,813 - src.engine - INFO - Sleeping 60s...
2026-01-05 13:48:58,814 - src.engine - INFO - Scanning markets...
2026-01-05 13:49:05,967 - src.engine - INFO - Found 17 active markets
2026-01-05 13:49:05,967 - src.engine - INFO - Detected 0 opportunities
2026-01-05 13:49:05,967 - src.engine - INFO - Sleeping 60s...
2026-01-05 13:50:05,968 - src.engine - INFO - Scanning markets...
2026-01-05 13:50:12,806 - src.engine - INFO - Found 17 active markets
2026-01-05 13:50:12,806 - src.engine - INFO - Detected 0 opportunities
2026-01-05 13:50:12,806 - src.engine - INFO - Sleeping 60s...
2026-01-05 13:51:12,806 - src.engine - INFO - Scanning markets...
2026-01-05 13:51:19,774 - src.engine - INFO - Found 17 active markets
2026-01-05 13:51:19,774 - src.engine - INFO - Detected 0 opportunities
2026-01-05 13:51:19,774 - src.engine - INFO - Sleeping 60s...
2026-01-05 13:52:19,775 - src.engine - INFO - Scanning markets...
2026-01-05 13:52:26,667 - src.engine - INFO - Found 17 active markets
2026-01-05 13:52:26,667 - src.engine - INFO - Detected 0 opportunities
2026-01-05 13:52:26,667 - src.engine - INFO - Sleeping 60s...
2026-01-05 13:53:26,668 - src.engine - INFO - Scanning markets...
2026-01-05 13:53:33,561 - src.engine - INFO - Found 17 active markets
2026-01-05 13:53:33,562 - src.engine - INFO - Detected 0 opportunities
2026-01-05 13:53:33,562 - src.engine - INFO - Sleeping 60s...
2026-01-05 13:54:33,562 - src.engine - INFO - Scanning markets...
2026-01-05 13:54:40,519 - src.engine - INFO - Found 17 active markets
2026-01-05 13:54:40,519 - src.engine - INFO - Detected 0 opportunities
2026-01-05 13:54:40,520 - src.engine - INFO - Sleeping 60s...
2026-01-05 13:55:40,520 - src.engine - INFO - Scanning markets...
2026-01-05 13:55:47,294 - src.engine - INFO - Found 17 active markets
2026-01-05 13:55:47,295 - src.engine - INFO - Detected 0 opportunities
2026-01-05 13:55:47,295 - src.engine - INFO - Sleeping 60s...
2026-01-05 13:56:47,295 - src.engine - INFO - Scanning markets...
2026-01-05 13:56:54,455 - src.engine - INFO - Found 17 active markets
2026-01-05 13:56:54,455 - src.engine - INFO - Detected 0 opportunities
2026-01-05 13:56:54,455 - src.engine - INFO - Sleeping 60s...
2026-01-05 13:57:54,456 - src.engine - INFO - Scanning markets...
2026-01-05 13:58:00,781 - src.engine - INFO - Found 17 active markets
2026-01-05 13:58:00,782 - src.engine - INFO - Detected 0 opportunities
2026-01-05 13:58:00,782 - src.engine - INFO - Sleeping 60s...
2026-01-05 13:59:00,783 - src.engine - INFO - Scanning markets...
2026-01-05 13:59:08,319 - src.engine - INFO - Found 17 active markets
2026-01-05 13:59:08,319 - src.engine - INFO - Detected 0 opportunities
2026-01-05 13:59:08,319 - src.engine - INFO - Sleeping 60s...
2026-01-05 14:00:08,320 - src.engine - INFO - Scanning markets...
2026-01-05 14:00:16,238 - src.engine - INFO - Found 17 active markets
2026-01-05 14:00:16,238 - src.engine - INFO - Detected 0 opportunities
2026-01-05 14:00:16,238 - src.engine - INFO - Sleeping 60s...
2026-01-05 14:01:16,238 - src.engine - INFO - Scanning markets...
2026-01-05 14:01:22,861 - src.engine - INFO - Found 17 active markets
2026-01-05 14:01:22,861 - src.engine - INFO - Detected 0 opportunities
2026-01-05 14:01:22,861 - src.engine - INFO - Sleeping 60s...
2026-01-05 14:02:22,862 - src.engine - INFO - Scanning markets...
2026-01-05 14:02:29,948 - src.engine - INFO - Found 17 active markets
2026-01-05 14:02:29,948 - src.engine - INFO - Detected 0 opportunities
2026-01-05 14:02:29,949 - src.engine - INFO - Sleeping 60s...
2026-01-05 14:03:29,949 - src.engine - INFO - Scanning markets...
2026-01-05 14:03:36,570 - src.engine - INFO - Found 17 active markets
2026-01-05 14:03:36,571 - src.engine - INFO - Detected 0 opportunities
2026-01-05 14:03:36,571 - src.engine - INFO - Sleeping 60s...
2026-01-05 14:04:36,572 - src.engine - INFO - Scanning markets...
2026-01-05 14:04:42,843 - src.engine - INFO - Found 17 active markets
2026-01-05 14:04:42,843 - src.engine - INFO - Detected 0 opportunities
2026-01-05 14:04:42,843 - src.engine - INFO - Sleeping 60s...
2026-01-05 14:05:42,843 - src.engine - INFO - Scanning markets...
2026-01-05 14:05:49,457 - src.engine - INFO - Found 17 active markets
2026-01-05 14:05:49,457 - src.engine - INFO - Detected 0 opportunities
2026-01-05 14:05:49,457 - src.engine - INFO - Sleeping 60s...
2026-01-05 14:06:49,457 - src.engine - INFO - Scanning markets...
2026-01-05 14:06:56,588 - src.engine - INFO - Found 17 active markets
2026-01-05 14:06:56,588 - src.engine - INFO - Detected 0 opportunities
2026-01-05 14:06:56,589 - src.engine - INFO - Sleeping 60s...
2026-01-05 14:07:56,589 - src.engine - INFO - Scanning markets...
2026-01-05 14:08:03,453 - src.engine - INFO - Found 17 active markets
2026-01-05 14:08:03,454 - src.engine - INFO - Detected 0 opportunities
2026-01-05 14:08:03,454 - src.engine - INFO - Sleeping 60s...
2026-01-05 14:09:03,455 - src.engine - INFO - Scanning markets...
2026-01-05 14:09:10,026 - src.engine - INFO - Found 17 active markets
2026-01-05 14:09:10,027 - src.engine - INFO - Detected 0 opportunities
2026-01-05 14:09:10,027 - src.engine - INFO - Sleeping 60s...
2026-01-05 14:10:10,029 - src.engine - INFO - Scanning markets...
2026-01-05 14:10:17,067 - src.engine - INFO - Found 17 active markets
2026-01-05 14:10:17,067 - src.engine - INFO - Detected 0 opportunities
2026-01-05 14:10:17,067 - src.engine - INFO - Sleeping 60s...
2026-01-05 14:11:17,067 - src.engine - INFO - Scanning markets...
2026-01-05 14:11:23,921 - src.engine - INFO - Found 17 active markets
2026-01-05 14:11:23,921 - src.engine - INFO - Detected 0 opportunities
2026-01-05 14:11:23,921 - src.engine - INFO - Sleeping 60s...
2026-01-05 14:12:23,922 - src.engine - INFO - Scanning markets...
2026-01-05 14:12:30,671 - src.engine - INFO - Found 17 active markets
2026-01-05 14:12:30,671 - src.engine - INFO - Detected 0 opportunities
2026-01-05 14:12:30,671 - src.engine - INFO - Sleeping 60s...
2026-01-05 14:13:30,672 - src.engine - INFO - Scanning markets...
2026-01-05 14:13:37,888 - src.engine - INFO - Found 17 active markets
2026-01-05 14:13:37,889 - src.engine - INFO - Detected 0 opportunities
2026-01-05 14:13:37,889 - src.engine - INFO - Sleeping 60s...
2026-01-05 14:14:37,889 - src.engine - INFO - Scanning markets...
2026-01-05 14:14:45,132 - src.engine - INFO - Found 17 active markets
2026-01-05 14:14:45,132 - src.engine - INFO - Detected 0 opportunities
2026-01-05 14:14:45,132 - src.engine - INFO - Sleeping 60s...
2026-01-05 14:15:45,133 - src.engine - INFO - Scanning markets...
2026-01-05 14:15:52,034 - src.engine - INFO - Found 17 active markets
2026-01-05 14:15:52,034 - src.engine - INFO - Detected 0 opportunities
2026-01-05 14:15:52,034 - src.engine - INFO - Sleeping 60s...
2026-01-05 14:16:52,035 - src.engine - INFO - Scanning markets...
2026-01-05 14:16:58,897 - src.engine - INFO - Found 17 active markets
2026-01-05 14:16:58,898 - src.engine - INFO - Detected 0 opportunities
2026-01-05 14:16:58,898 - src.engine - INFO - Sleeping 60s...
2026-01-05 14:17:58,898 - src.engine - INFO - Scanning markets...
2026-01-05 14:18:06,158 - src.engine - INFO - Found 17 active markets
2026-01-05 14:18:06,158 - src.engine - INFO - Detected 0 opportunities
2026-01-05 14:18:06,158 - src.engine - INFO - Sleeping 60s...
2026-01-05 14:19:06,158 - src.engine - INFO - Scanning markets...
2026-01-05 14:19:13,381 - src.engine - INFO - Found 17 active markets
2026-01-05 14:19:13,382 - src.engine - INFO - Detected 0 opportunities
2026-01-05 14:19:13,382 - src.engine - INFO - Sleeping 60s...
2026-01-05 14:20:13,383 - src.engine - INFO - Scanning markets...
2026-01-05 14:20:20,398 - src.engine - INFO - Found 17 active markets
2026-01-05 14:20:20,398 - src.engine - INFO - Detected 0 opportunities
2026-01-05 14:20:20,398 - src.engine - INFO - Sleeping 60s...
2026-01-05 14:21:20,399 - src.engine - INFO - Scanning markets...
2026-01-05 14:21:27,357 - src.engine - INFO - Found 17 active markets
2026-01-05 14:21:27,357 - src.engine - INFO - Detected 0 opportunities
2026-01-05 14:21:27,357 - src.engine - INFO - Sleeping 60s...
2026-01-05 14:22:27,358 - src.engine - INFO - Scanning markets...
2026-01-05 14:22:34,331 - src.engine - INFO - Found 17 active markets
2026-01-05 14:22:34,331 - src.engine - INFO - Detected 0 opportunities
2026-01-05 14:22:34,331 - src.engine - INFO - Sleeping 60s...
2026-01-05 14:23:34,332 - src.engine - INFO - Scanning markets...
2026-01-05 14:23:41,156 - src.engine - INFO - Found 17 active markets
2026-01-05 14:23:41,157 - src.engine - INFO - Detected 0 opportunities
2026-01-05 14:23:41,157 - src.engine - INFO - Sleeping 60s...
2026-01-05 14:24:41,159 - src.engine - INFO - Scanning markets...
2026-01-05 14:24:48,502 - src.engine - INFO - Found 17 active markets
2026-01-05 14:24:48,502 - src.engine - INFO - Detected 0 opportunities
2026-01-05 14:24:48,502 - src.engine - INFO - Sleeping 60s...
2026-01-05 14:25:48,502 - src.engine - INFO - Scanning markets...
2026-01-05 14:25:55,773 - src.engine - INFO - Found 17 active markets
2026-01-05 14:25:55,774 - src.engine - INFO - Detected 0 opportunities
2026-01-05 14:25:55,774 - src.engine - INFO - Sleeping 60s...
2026-01-05 14:26:55,774 - src.engine - INFO - Scanning markets...
2026-01-05 14:27:02,810 - src.engine - INFO - Found 17 active markets
2026-01-05 14:27:02,810 - src.engine - INFO - Detected 0 opportunities
2026-01-05 14:27:02,811 - src.engine - INFO - Sleeping 60s...
2026-01-05 14:28:02,811 - src.engine - INFO - Scanning markets...
2026-01-05 14:28:09,866 - src.engine - INFO - Found 17 active markets
2026-01-05 14:28:09,866 - src.engine - INFO - Detected 0 opportunities
2026-01-05 14:28:09,866 - src.engine - INFO - Sleeping 60s...
2026-01-05 14:29:09,866 - src.engine - INFO - Scanning markets...
2026-01-05 14:29:16,807 - src.engine - INFO - Found 17 active markets
2026-01-05 14:29:16,808 - src.engine - INFO - Detected 0 opportunities
2026-01-05 14:29:16,808 - src.engine - INFO - Sleeping 60s...
2026-01-05 14:30:16,808 - src.engine - INFO - Scanning markets...
2026-01-05 14:30:23,870 - src.engine - INFO - Found 17 active markets
2026-01-05 14:30:23,870 - src.engine - INFO - Detected 0 opportunities
2026-01-05 14:30:23,870 - src.engine - INFO - Sleeping 60s...
2026-01-05 14:31:23,871 - src.engine - INFO - Scanning markets...
2026-01-05 14:31:30,816 - src.engine - INFO - Found 17 active markets
2026-01-05 14:31:30,817 - src.engine - INFO - Detected 0 opportunities
2026-01-05 14:31:30,817 - src.engine - INFO - Sleeping 60s...
2026-01-05 14:32:30,817 - src.engine - INFO - Scanning markets...
2026-01-05 14:32:38,209 - src.engine - INFO - Found 17 active markets
2026-01-05 14:32:38,209 - src.engine - INFO - Detected 0 opportunities
2026-01-05 14:32:38,210 - src.engine - INFO - Sleeping 60s...
2026-01-05 14:33:38,210 - src.engine - INFO - Scanning markets...
2026-01-05 14:33:45,419 - src.engine - INFO - Found 17 active markets
2026-01-05 14:33:45,419 - src.engine - INFO - Detected 0 opportunities
2026-01-05 14:33:45,419 - src.engine - INFO - Sleeping 60s...
2026-01-05 14:34:45,420 - src.engine - INFO - Scanning markets...
2026-01-05 14:34:52,312 - src.engine - INFO - Found 17 active markets
2026-01-05 14:34:52,313 - src.engine - INFO - Detected 0 opportunities
2026-01-05 14:34:52,313 - src.engine - INFO - Sleeping 60s...
2026-01-05 14:35:52,313 - src.engine - INFO - Scanning markets...
2026-01-05 14:35:59,227 - src.engine - INFO - Found 17 active markets
2026-01-05 14:35:59,227 - src.engine - INFO - Detected 0 opportunities
2026-01-05 14:35:59,227 - src.engine - INFO - Sleeping 60s...
2026-01-05 14:36:59,228 - src.engine - INFO - Scanning markets...
2026-01-05 14:37:06,217 - src.engine - INFO - Found 17 active markets
2026-01-05 14:37:06,217 - src.engine - INFO - Detected 0 opportunities
2026-01-05 14:37:06,218 - src.engine - INFO - Sleeping 60s...
2026-01-05 14:38:06,218 - src.engine - INFO - Scanning markets...
2026-01-05 14:38:13,007 - src.engine - INFO - Found 17 active markets
2026-01-05 14:38:13,007 - src.engine - INFO - Detected 0 opportunities
2026-01-05 14:38:13,007 - src.engine - INFO - Sleeping 60s...
2026-01-05 14:39:13,007 - src.engine - INFO - Scanning markets...
2026-01-05 14:39:20,239 - src.engine - INFO - Found 17 active markets
2026-01-05 14:39:20,240 - src.engine - INFO - Detected 0 opportunities
2026-01-05 14:39:20,240 - src.engine - INFO - Sleeping 60s...
2026-01-05 14:40:20,240 - src.engine - INFO - Scanning markets...
2026-01-05 14:40:27,308 - src.engine - INFO - Found 17 active markets
2026-01-05 14:40:27,308 - src.engine - INFO - Detected 0 opportunities
2026-01-05 14:40:27,309 - src.engine - INFO - Sleeping 60s...
2026-01-05 14:41:27,309 - src.engine - INFO - Scanning markets...
2026-01-05 14:41:34,268 - src.engine - INFO - Found 17 active markets
2026-01-05 14:41:34,269 - src.engine - INFO - Detected 0 opportunities
2026-01-05 14:41:34,269 - src.engine - INFO - Sleeping 60s...
2026-01-05 14:42:34,269 - src.engine - INFO - Scanning markets...
2026-01-05 14:42:41,290 - src.engine - INFO - Found 17 active markets
2026-01-05 14:42:41,291 - src.engine - INFO - Detected 0 opportunities
2026-01-05 14:42:41,291 - src.engine - INFO - Sleeping 60s...
2026-01-05 14:43:41,291 - src.engine - INFO - Scanning markets...
2026-01-05 14:43:48,287 - src.engine - INFO - Found 17 active markets
2026-01-05 14:43:48,287 - src.engine - INFO - Detected 0 opportunities
2026-01-05 14:43:48,287 - src.engine - INFO - Sleeping 60s...
2026-01-05 14:44:48,287 - src.engine - INFO - Scanning markets...
2026-01-05 14:44:54,820 - src.engine - INFO - Found 17 active markets
2026-01-05 14:44:54,820 - src.engine - INFO - Detected 0 opportunities
2026-01-05 14:44:54,820 - src.engine - INFO - Sleeping 60s...
2026-01-05 14:45:54,821 - src.engine - INFO - Scanning markets...
2026-01-05 14:46:02,139 - src.engine - INFO - Found 17 active markets
2026-01-05 14:46:02,140 - src.engine - INFO - Detected 0 opportunities
2026-01-05 14:46:02,140 - src.engine - INFO - Sleeping 60s...
2026-01-05 14:47:02,140 - src.engine - INFO - Scanning markets...
2026-01-05 14:47:09,049 - src.engine - INFO - Found 17 active markets
2026-01-05 14:47:09,049 - src.engine - INFO - Detected 0 opportunities
2026-01-05 14:47:09,049 - src.engine - INFO - Sleeping 60s...
2026-01-05 14:48:09,049 - src.engine - INFO - Scanning markets...
2026-01-05 14:48:16,217 - src.engine - INFO - Found 17 active markets
2026-01-05 14:48:16,218 - src.engine - INFO - Detected 0 opportunities
2026-01-05 14:48:16,218 - src.engine - INFO - Sleeping 60s...
2026-01-05 14:49:16,218 - src.engine - INFO - Scanning markets...
2026-01-05 14:49:23,288 - src.engine - INFO - Found 17 active markets
2026-01-05 14:49:23,288 - src.engine - INFO - Detected 0 opportunities
2026-01-05 14:49:23,288 - src.engine - INFO - Sleeping 60s...
2026-01-05 14:50:23,289 - src.engine - INFO - Scanning markets...
2026-01-05 14:50:30,274 - src.engine - INFO - Found 17 active markets
2026-01-05 14:50:30,274 - src.engine - INFO - Detected 0 opportunities
2026-01-05 14:50:30,274 - src.engine - INFO - Sleeping 60s...
2026-01-05 14:51:30,274 - src.engine - INFO - Scanning markets...
2026-01-05 14:51:37,314 - src.engine - INFO - Found 17 active markets
2026-01-05 14:51:37,315 - src.engine - INFO - Detected 0 opportunities
2026-01-05 14:51:37,315 - src.engine - INFO - Sleeping 60s...
2026-01-05 14:52:37,315 - src.engine - INFO - Scanning markets...
2026-01-05 14:52:44,182 - src.engine - INFO - Found 17 active markets
2026-01-05 14:52:44,183 - src.engine - INFO - Detected 0 opportunities
2026-01-05 14:52:44,183 - src.engine - INFO - Sleeping 60s...
2026-01-05 14:53:44,183 - src.engine - INFO - Scanning markets...
2026-01-05 14:53:51,552 - src.engine - INFO - Found 17 active markets
2026-01-05 14:53:51,553 - src.engine - INFO - Detected 0 opportunities
2026-01-05 14:53:51,553 - src.engine - INFO - Sleeping 60s...
2026-01-05 14:54:51,554 - src.engine - INFO - Scanning markets...
2026-01-05 14:54:58,208 - src.engine - INFO - Found 17 active markets
2026-01-05 14:54:58,208 - src.engine - INFO - Detected 0 opportunities
2026-01-05 14:54:58,209 - src.engine - INFO - Sleeping 60s...
2026-01-05 14:55:58,209 - src.engine - INFO - Scanning markets...
2026-01-05 14:56:05,327 - src.engine - INFO - Found 17 active markets
2026-01-05 14:56:05,328 - src.engine - INFO - Detected 0 opportunities
2026-01-05 14:56:05,328 - src.engine - INFO - Sleeping 60s...
2026-01-05 14:57:05,329 - src.engine - INFO - Scanning markets...
2026-01-05 14:57:12,027 - src.engine - INFO - Found 17 active markets
2026-01-05 14:57:12,027 - src.engine - INFO - Detected 0 opportunities
2026-01-05 14:57:12,028 - src.engine - INFO - Sleeping 60s...
2026-01-05 14:58:12,028 - src.engine - INFO - Scanning markets...
2026-01-05 14:58:18,984 - src.engine - INFO - Found 17 active markets
2026-01-05 14:58:18,984 - src.engine - INFO - Detected 0 opportunities
2026-01-05 14:58:18,984 - src.engine - INFO - Sleeping 60s...
2026-01-05 14:59:18,985 - src.engine - INFO - Scanning markets...
2026-01-05 14:59:25,395 - src.engine - INFO - Found 17 active markets
2026-01-05 14:59:25,395 - src.engine - INFO - Detected 0 opportunities
2026-01-05 14:59:25,395 - src.engine - INFO - Sleeping 60s...
2026-01-05 15:00:25,395 - src.engine - INFO - Scanning markets...
2026-01-05 15:00:32,831 - src.engine - INFO - Found 17 active markets
2026-01-05 15:00:32,832 - src.engine - INFO - Detected 0 opportunities
2026-01-05 15:00:32,832 - src.engine - INFO - Sleeping 60s...
2026-01-05 15:01:32,832 - src.engine - INFO - Scanning markets...
2026-01-05 15:01:39,668 - src.engine - INFO - Found 17 active markets
2026-01-05 15:01:39,668 - src.engine - INFO - Detected 0 opportunities
2026-01-05 15:01:39,668 - src.engine - INFO - Sleeping 60s...
2026-01-05 15:02:39,669 - src.engine - INFO - Scanning markets...
2026-01-05 15:02:46,148 - src.engine - INFO - Found 17 active markets
2026-01-05 15:02:46,149 - src.engine - INFO - Detected 0 opportunities
2026-01-05 15:02:46,149 - src.engine - INFO - Sleeping 60s...
2026-01-05 15:03:46,149 - src.engine - INFO - Scanning markets...
2026-01-05 15:03:53,402 - src.engine - INFO - Found 17 active markets
2026-01-05 15:03:53,403 - src.engine - INFO - Detected 0 opportunities
2026-01-05 15:03:53,403 - src.engine - INFO - Sleeping 60s...
2026-01-05 15:04:53,403 - src.engine - INFO - Scanning markets...
2026-01-05 15:05:00,404 - src.engine - INFO - Found 17 active markets
2026-01-05 15:05:00,405 - src.engine - INFO - Detected 0 opportunities
2026-01-05 15:05:00,405 - src.engine - INFO - Sleeping 60s...
2026-01-05 15:06:00,405 - src.engine - INFO - Scanning markets...
2026-01-05 15:06:07,758 - src.engine - INFO - Found 17 active markets
2026-01-05 15:06:07,759 - src.engine - INFO - Detected 0 opportunities
2026-01-05 15:06:07,759 - src.engine - INFO - Sleeping 60s...
2026-01-05 15:07:07,760 - src.engine - INFO - Scanning markets...
2026-01-05 15:07:14,483 - src.engine - INFO - Found 17 active markets
2026-01-05 15:07:14,483 - src.engine - INFO - Detected 0 opportunities
2026-01-05 15:07:14,483 - src.engine - INFO - Sleeping 60s...
2026-01-05 15:08:14,484 - src.engine - INFO - Scanning markets...
2026-01-05 15:08:21,581 - src.engine - INFO - Found 17 active markets
2026-01-05 15:08:21,581 - src.engine - INFO - Detected 0 opportunities
2026-01-05 15:08:21,581 - src.engine - INFO - Sleeping 60s...
2026-01-05 15:09:21,582 - src.engine - INFO - Scanning markets...
2026-01-05 15:09:29,062 - src.engine - INFO - Found 17 active markets
2026-01-05 15:09:29,062 - src.engine - INFO - Detected 0 opportunities
2026-01-05 15:09:29,063 - src.engine - INFO - Sleeping 60s...
2026-01-05 15:10:29,063 - src.engine - INFO - Scanning markets...
2026-01-05 15:10:36,029 - src.engine - INFO - Found 17 active markets
2026-01-05 15:10:36,029 - src.engine - INFO - Detected 0 opportunities
2026-01-05 15:10:36,029 - src.engine - INFO - Sleeping 60s...
2026-01-05 15:11:36,029 - src.engine - INFO - Scanning markets...
2026-01-05 15:11:42,942 - src.engine - INFO - Found 17 active markets
2026-01-05 15:11:42,942 - src.engine - INFO - Detected 0 opportunities
2026-01-05 15:11:42,942 - src.engine - INFO - Sleeping 60s...
2026-01-05 15:12:42,943 - src.engine - INFO - Scanning markets...
2026-01-05 15:12:49,788 - src.engine - INFO - Found 17 active markets
2026-01-05 15:12:49,788 - src.engine - INFO - Detected 0 opportunities
2026-01-05 15:12:49,788 - src.engine - INFO - Sleeping 60s...
2026-01-05 15:13:49,789 - src.engine - INFO - Scanning markets...
2026-01-05 15:13:56,453 - src.engine - INFO - Found 17 active markets
2026-01-05 15:13:56,453 - src.engine - INFO - Detected 0 opportunities
2026-01-05 15:13:56,454 - src.engine - INFO - Sleeping 60s...
2026-01-05 15:14:56,454 - src.engine - INFO - Scanning markets...
2026-01-05 15:15:03,385 - src.engine - INFO - Found 17 active markets
2026-01-05 15:15:03,385 - src.engine - INFO - Detected 0 opportunities
2026-01-05 15:15:03,385 - src.engine - INFO - Sleeping 60s...
2026-01-05 15:16:03,385 - src.engine - INFO - Scanning markets...
2026-01-05 15:16:09,995 - src.engine - INFO - Found 17 active markets
2026-01-05 15:16:09,995 - src.engine - INFO - Detected 0 opportunities
2026-01-05 15:16:09,995 - src.engine - INFO - Sleeping 60s...
2026-01-05 15:17:09,995 - src.engine - INFO - Scanning markets...
2026-01-05 15:17:16,843 - src.engine - INFO - Found 17 active markets
2026-01-05 15:17:16,843 - src.engine - INFO - Detected 0 opportunities
2026-01-05 15:17:16,843 - src.engine - INFO - Sleeping 60s...
2026-01-05 15:18:16,844 - src.engine - INFO - Scanning markets...
2026-01-05 15:18:23,553 - src.engine - INFO - Found 17 active markets
2026-01-05 15:18:23,553 - src.engine - INFO - Detected 0 opportunities
2026-01-05 15:18:23,553 - src.engine - INFO - Sleeping 60s...
2026-01-05 15:19:23,554 - src.engine - INFO - Scanning markets...
2026-01-05 15:19:30,323 - src.engine - INFO - Found 17 active markets
2026-01-05 15:19:30,324 - src.engine - INFO - Detected 0 opportunities
2026-01-05 15:19:30,324 - src.engine - INFO - Sleeping 60s...
2026-01-05 15:20:30,324 - src.engine - INFO - Scanning markets...
2026-01-05 15:20:37,939 - src.engine - INFO - Found 17 active markets
2026-01-05 15:20:37,939 - src.engine - INFO - Detected 0 opportunities
2026-01-05 15:20:37,939 - src.engine - INFO - Sleeping 60s...
2026-01-05 15:21:37,940 - src.engine - INFO - Scanning markets...
2026-01-05 15:21:44,771 - src.engine - INFO - Found 17 active markets
2026-01-05 15:21:44,771 - src.engine - INFO - Detected 0 opportunities
2026-01-05 15:21:44,772 - src.engine - INFO - Sleeping 60s...
2026-01-05 15:22:44,772 - src.engine - INFO - Scanning markets...
2026-01-05 15:22:52,214 - src.engine - INFO - Found 17 active markets
2026-01-05 15:22:52,215 - src.engine - INFO - Detected 0 opportunities
2026-01-05 15:22:52,215 - src.engine - INFO - Sleeping 60s...
2026-01-05 15:23:52,215 - src.engine - INFO - Scanning markets...
2026-01-05 15:23:59,173 - src.engine - INFO - Found 17 active markets
2026-01-05 15:23:59,173 - src.engine - INFO - Detected 0 opportunities
2026-01-05 15:23:59,173 - src.engine - INFO - Sleeping 60s...
2026-01-05 15:24:59,174 - src.engine - INFO - Scanning markets...
2026-01-05 15:25:06,411 - src.engine - INFO - Found 17 active markets
2026-01-05 15:25:06,412 - src.engine - INFO - Detected 0 opportunities
2026-01-05 15:25:06,413 - src.engine - INFO - Sleeping 60s...
2026-01-05 15:26:06,414 - src.engine - INFO - Scanning markets...
2026-01-05 15:26:14,007 - src.engine - INFO - Found 17 active markets
2026-01-05 15:26:14,008 - src.engine - INFO - Detected 0 opportunities
2026-01-05 15:26:14,008 - src.engine - INFO - Sleeping 60s...
2026-01-05 15:27:14,009 - src.engine - INFO - Scanning markets...
2026-01-05 15:27:21,676 - src.engine - INFO - Found 17 active markets
2026-01-05 15:27:21,676 - src.engine - INFO - Detected 0 opportunities
2026-01-05 15:27:21,676 - src.engine - INFO - Sleeping 60s...
2026-01-05 15:28:21,677 - src.engine - INFO - Scanning markets...
2026-01-05 15:28:28,819 - src.engine - INFO - Found 17 active markets
2026-01-05 15:28:28,820 - src.engine - INFO - Detected 0 opportunities
2026-01-05 15:28:28,820 - src.engine - INFO - Sleeping 60s...
2026-01-05 15:29:28,820 - src.engine - INFO - Scanning markets...
2026-01-05 15:29:36,386 - src.engine - INFO - Found 17 active markets
2026-01-05 15:29:36,387 - src.engine - INFO - Detected 0 opportunities
2026-01-05 15:29:36,387 - src.engine - INFO - Sleeping 60s...
2026-01-05 15:30:36,388 - src.engine - INFO - Scanning markets...
2026-01-05 15:30:44,237 - src.engine - INFO - Found 17 active markets
2026-01-05 15:30:44,238 - src.engine - INFO - Detected 0 opportunities
2026-01-05 15:30:44,238 - src.engine - INFO - Sleeping 60s...
2026-01-05 15:31:44,238 - src.engine - INFO - Scanning markets...
2026-01-05 15:31:51,453 - src.engine - INFO - Found 17 active markets
2026-01-05 15:31:51,454 - src.engine - INFO - Detected 0 opportunities
2026-01-05 15:31:51,455 - src.engine - INFO - Sleeping 60s...
2026-01-05 15:32:51,455 - src.engine - INFO - Scanning markets...
2026-01-05 15:32:58,973 - src.engine - INFO - Found 17 active markets
2026-01-05 15:32:58,974 - src.engine - INFO - Detected 0 opportunities
2026-01-05 15:32:58,974 - src.engine - INFO - Sleeping 60s...
2026-01-05 15:33:58,975 - src.engine - INFO - Scanning markets...
2026-01-05 15:34:06,877 - src.engine - INFO - Found 17 active markets
2026-01-05 15:34:06,878 - src.engine - INFO - Detected 0 opportunities
2026-01-05 15:34:06,878 - src.engine - INFO - Sleeping 60s...
2026-01-05 15:35:06,878 - src.engine - INFO - Scanning markets...
2026-01-05 15:35:14,139 - src.engine - INFO - Found 17 active markets
2026-01-05 15:35:14,140 - src.engine - INFO - Detected 0 opportunities
2026-01-05 15:35:14,140 - src.engine - INFO - Sleeping 60s...
2026-01-05 15:36:14,141 - src.engine - INFO - Scanning markets...
2026-01-05 15:36:21,153 - src.engine - INFO - Found 17 active markets
2026-01-05 15:36:21,153 - src.engine - INFO - Detected 0 opportunities
2026-01-05 15:36:21,154 - src.engine - INFO - Sleeping 60s...
2026-01-05 15:37:21,154 - src.engine - INFO - Scanning markets...
2026-01-05 15:37:28,559 - src.engine - INFO - Found 17 active markets
2026-01-05 15:37:28,559 - src.engine - INFO - Detected 0 opportunities
2026-01-05 15:37:28,559 - src.engine - INFO - Sleeping 60s...
2026-01-05 15:38:28,560 - src.engine - INFO - Scanning markets...
2026-01-05 15:38:35,652 - src.engine - INFO - Found 17 active markets
2026-01-05 15:38:35,653 - src.engine - INFO - Detected 0 opportunities
2026-01-05 15:38:35,653 - src.engine - INFO - Sleeping 60s...
2026-01-05 15:39:35,653 - src.engine - INFO - Scanning markets...
2026-01-05 15:39:42,748 - src.engine - INFO - Found 17 active markets
2026-01-05 15:39:42,748 - src.engine - INFO - Detected 0 opportunities
2026-01-05 15:39:42,748 - src.engine - INFO - Sleeping 60s...
2026-01-05 15:40:42,748 - src.engine - INFO - Scanning markets...
2026-01-05 15:40:49,621 - src.engine - INFO - Found 17 active markets
2026-01-05 15:40:49,621 - src.engine - INFO - Detected 0 opportunities
2026-01-05 15:40:49,621 - src.engine - INFO - Sleeping 60s...
2026-01-05 15:41:49,622 - src.engine - INFO - Scanning markets...
2026-01-05 15:41:56,656 - src.engine - INFO - Found 17 active markets
2026-01-05 15:41:56,656 - src.engine - INFO - Detected 0 opportunities
2026-01-05 15:41:56,656 - src.engine - INFO - Sleeping 60s...
2026-01-05 15:42:56,656 - src.engine - INFO - Scanning markets...
2026-01-05 15:43:03,728 - src.engine - INFO - Found 17 active markets
2026-01-05 15:43:03,728 - src.engine - INFO - Detected 0 opportunities
2026-01-05 15:43:03,728 - src.engine - INFO - Sleeping 60s...
2026-01-05 15:44:03,729 - src.engine - INFO - Scanning markets...
2026-01-05 15:44:11,436 - src.engine - INFO - Found 17 active markets
2026-01-05 15:44:11,436 - src.engine - INFO - Detected 0 opportunities
2026-01-05 15:44:11,436 - src.engine - INFO - Sleeping 60s...
2026-01-05 15:45:11,437 - src.engine - INFO - Scanning markets...
2026-01-05 15:45:18,971 - src.engine - INFO - Found 17 active markets
2026-01-05 15:45:18,971 - src.engine - INFO - Detected 0 opportunities
2026-01-05 15:45:18,971 - src.engine - INFO - Sleeping 60s...
2026-01-05 15:46:18,971 - src.engine - INFO - Scanning markets...
2026-01-05 15:46:26,394 - src.engine - INFO - Found 17 active markets
2026-01-05 15:46:26,394 - src.engine - INFO - Detected 0 opportunities
2026-01-05 15:46:26,394 - src.engine - INFO - Sleeping 60s...
2026-01-05 15:47:26,395 - src.engine - INFO - Scanning markets...
2026-01-05 15:47:33,643 - src.engine - INFO - Found 17 active markets
2026-01-05 15:47:33,643 - src.engine - INFO - Detected 0 opportunities
2026-01-05 15:47:33,643 - src.engine - INFO - Sleeping 60s...
2026-01-05 15:48:33,643 - src.engine - INFO - Scanning markets...
2026-01-05 15:48:40,466 - src.engine - INFO - Found 17 active markets
2026-01-05 15:48:40,468 - src.engine - INFO - Detected 0 opportunities
2026-01-05 15:48:40,468 - src.engine - INFO - Sleeping 60s...
2026-01-05 15:49:40,469 - src.engine - INFO - Scanning markets...
2026-01-05 15:49:47,948 - src.engine - INFO - Found 17 active markets
2026-01-05 15:49:47,948 - src.engine - INFO - Detected 0 opportunities
2026-01-05 15:49:47,948 - src.engine - INFO - Sleeping 60s...
2026-01-05 15:50:47,950 - src.engine - INFO - Scanning markets...
2026-01-05 15:50:55,194 - src.engine - INFO - Found 17 active markets
2026-01-05 15:50:55,195 - src.engine - INFO - Detected 0 opportunities
2026-01-05 15:50:55,195 - src.engine - INFO - Sleeping 60s...
2026-01-05 15:51:55,195 - src.engine - INFO - Scanning markets...
2026-01-05 15:52:02,511 - src.engine - INFO - Found 17 active markets
2026-01-05 15:52:02,512 - src.engine - INFO - Detected 0 opportunities
2026-01-05 15:52:02,512 - src.engine - INFO - Sleeping 60s...
2026-01-05 15:53:02,512 - src.engine - INFO - Scanning markets...
2026-01-05 15:53:09,473 - src.engine - INFO - Found 17 active markets
2026-01-05 15:53:09,474 - src.engine - INFO - Detected 0 opportunities
2026-01-05 15:53:09,474 - src.engine - INFO - Sleeping 60s...
2026-01-05 15:54:09,474 - src.engine - INFO - Scanning markets...
2026-01-05 15:54:16,593 - src.engine - INFO - Found 17 active markets
2026-01-05 15:54:16,593 - src.engine - INFO - Detected 0 opportunities
2026-01-05 15:54:16,594 - src.engine - INFO - Sleeping 60s...
2026-01-05 15:55:16,594 - src.engine - INFO - Scanning markets...
2026-01-05 15:55:23,866 - src.engine - INFO - Found 17 active markets
2026-01-05 15:55:23,866 - src.engine - INFO - Detected 0 opportunities
2026-01-05 15:55:23,866 - src.engine - INFO - Sleeping 60s...
2026-01-05 15:56:23,867 - src.engine - INFO - Scanning markets...
2026-01-05 15:56:31,052 - src.engine - INFO - Found 17 active markets
2026-01-05 15:56:31,053 - src.engine - INFO - Detected 0 opportunities
2026-01-05 15:56:31,053 - src.engine - INFO - Sleeping 60s...
2026-01-05 15:57:31,053 - src.engine - INFO - Scanning markets...
2026-01-05 15:57:38,173 - src.engine - INFO - Found 17 active markets
2026-01-05 15:57:38,173 - src.engine - INFO - Detected 0 opportunities
2026-01-05 15:57:38,173 - src.engine - INFO - Sleeping 60s...
2026-01-05 15:58:38,174 - src.engine - INFO - Scanning markets...
2026-01-05 15:58:44,881 - src.engine - INFO - Found 17 active markets
2026-01-05 15:58:44,881 - src.engine - INFO - Detected 0 opportunities
2026-01-05 15:58:44,882 - src.engine - INFO - Sleeping 60s...
2026-01-05 15:59:44,882 - src.engine - INFO - Scanning markets...
2026-01-05 15:59:51,852 - src.engine - INFO - Found 17 active markets
2026-01-05 15:59:51,853 - src.engine - INFO - Detected 0 opportunities
2026-01-05 15:59:51,853 - src.engine - INFO - Sleeping 60s...
2026-01-05 16:00:51,853 - src.engine - INFO - Scanning markets...
2026-01-05 16:00:58,826 - src.engine - INFO - Found 17 active markets
2026-01-05 16:00:58,826 - src.engine - INFO - Detected 0 opportunities
2026-01-05 16:00:58,826 - src.engine - INFO - Sleeping 60s...
2026-01-05 16:01:58,826 - src.engine - INFO - Scanning markets...
2026-01-05 16:02:06,017 - src.engine - INFO - Found 17 active markets
2026-01-05 16:02:06,018 - src.engine - INFO - Detected 0 opportunities
2026-01-05 16:02:06,018 - src.engine - INFO - Sleeping 60s...
2026-01-05 16:03:06,018 - src.engine - INFO - Scanning markets...
2026-01-05 16:03:12,935 - src.engine - INFO - Found 17 active markets
2026-01-05 16:03:12,936 - src.engine - INFO - Detected 0 opportunities
2026-01-05 16:03:12,936 - src.engine - INFO - Sleeping 60s...
2026-01-05 16:04:12,936 - src.engine - INFO - Scanning markets...
2026-01-05 16:04:19,734 - src.engine - INFO - Found 17 active markets
2026-01-05 16:04:19,735 - src.engine - INFO - Detected 0 opportunities
2026-01-05 16:04:19,735 - src.engine - INFO - Sleeping 60s...
2026-01-05 16:05:19,735 - src.engine - INFO - Scanning markets...
2026-01-05 16:05:25,976 - src.engine - INFO - Found 17 active markets
2026-01-05 16:05:25,977 - src.engine - INFO - Detected 0 opportunities
2026-01-05 16:05:25,977 - src.engine - INFO - Sleeping 60s...
2026-01-05 16:06:25,978 - src.engine - INFO - Scanning markets...
2026-01-05 16:06:32,956 - src.engine - INFO - Found 17 active markets
2026-01-05 16:06:32,957 - src.engine - INFO - Detected 0 opportunities
2026-01-05 16:06:32,957 - src.engine - INFO - Sleeping 60s...
2026-01-05 16:07:32,957 - src.engine - INFO - Scanning markets...
2026-01-05 16:07:39,555 - src.engine - INFO - Found 17 active markets
2026-01-05 16:07:39,555 - src.engine - INFO - Detected 0 opportunities
2026-01-05 16:07:39,555 - src.engine - INFO - Sleeping 60s...
2026-01-05 16:08:39,556 - src.engine - INFO - Scanning markets...
2026-01-05 16:08:45,433 - src.engine - INFO - Found 17 active markets
2026-01-05 16:08:45,433 - src.engine - INFO - Detected 0 opportunities
2026-01-05 16:08:45,434 - src.engine - INFO - Sleeping 60s...
2026-01-05 16:09:45,434 - src.engine - INFO - Scanning markets...
2026-01-05 16:09:52,418 - src.engine - INFO - Found 17 active markets
2026-01-05 16:09:52,418 - src.engine - INFO - Detected 0 opportunities
2026-01-05 16:09:52,418 - src.engine - INFO - Sleeping 60s...
2026-01-05 16:10:52,419 - src.engine - INFO - Scanning markets...
2026-01-05 16:10:59,765 - src.engine - INFO - Found 17 active markets
2026-01-05 16:10:59,765 - src.engine - INFO - Detected 0 opportunities
2026-01-05 16:10:59,765 - src.engine - INFO - Sleeping 60s...
2026-01-05 16:11:59,765 - src.engine - INFO - Scanning markets...
2026-01-05 16:12:06,959 - src.engine - INFO - Found 17 active markets
2026-01-05 16:12:06,959 - src.engine - INFO - Detected 0 opportunities
2026-01-05 16:12:06,960 - src.engine - INFO - Sleeping 60s...
2026-01-05 16:13:06,960 - src.engine - INFO - Scanning markets...
2026-01-05 16:13:14,511 - src.engine - INFO - Found 17 active markets
2026-01-05 16:13:14,512 - src.engine - INFO - Detected 0 opportunities
2026-01-05 16:13:14,512 - src.engine - INFO - Sleeping 60s...
2026-01-05 16:14:14,512 - src.engine - INFO - Scanning markets...
2026-01-05 16:14:21,768 - src.engine - INFO - Found 17 active markets
2026-01-05 16:14:21,769 - src.engine - INFO - Detected 0 opportunities
2026-01-05 16:14:21,769 - src.engine - INFO - Sleeping 60s...
2026-01-05 16:15:21,769 - src.engine - INFO - Scanning markets...
2026-01-05 16:15:28,889 - src.engine - INFO - Found 17 active markets
2026-01-05 16:15:28,889 - src.engine - INFO - Detected 0 opportunities
2026-01-05 16:15:28,889 - src.engine - INFO - Sleeping 60s...
2026-01-05 16:16:28,890 - src.engine - INFO - Scanning markets...
2026-01-05 16:16:36,210 - src.engine - INFO - Found 17 active markets
2026-01-05 16:16:36,211 - src.engine - INFO - Detected 0 opportunities
2026-01-05 16:16:36,211 - src.engine - INFO - Sleeping 60s...
2026-01-05 16:17:36,211 - src.engine - INFO - Scanning markets...
2026-01-05 16:17:44,004 - src.engine - INFO - Found 17 active markets
2026-01-05 16:17:44,004 - src.engine - INFO - Detected 0 opportunities
2026-01-05 16:17:44,004 - src.engine - INFO - Sleeping 60s...
2026-01-05 16:18:44,005 - src.engine - INFO - Scanning markets...
2026-01-05 16:18:51,243 - src.engine - INFO - Found 17 active markets
2026-01-05 16:18:51,243 - src.engine - INFO - Detected 0 opportunities
2026-01-05 16:18:51,243 - src.engine - INFO - Sleeping 60s...
2026-01-05 16:19:51,244 - src.engine - INFO - Scanning markets...
2026-01-05 16:19:58,572 - src.engine - INFO - Found 17 active markets
2026-01-05 16:19:58,573 - src.engine - INFO - Detected 0 opportunities
2026-01-05 16:19:58,573 - src.engine - INFO - Sleeping 60s...
2026-01-05 16:20:58,573 - src.engine - INFO - Scanning markets...
2026-01-05 16:21:05,845 - src.engine - INFO - Found 17 active markets
2026-01-05 16:21:05,846 - src.engine - INFO - Detected 0 opportunities
2026-01-05 16:21:05,846 - src.engine - INFO - Sleeping 60s...
2026-01-05 16:22:05,846 - src.engine - INFO - Scanning markets...
2026-01-05 16:22:12,359 - src.engine - INFO - Found 17 active markets
2026-01-05 16:22:12,359 - src.engine - INFO - Detected 0 opportunities
2026-01-05 16:22:12,359 - src.engine - INFO - Sleeping 60s...
2026-01-05 16:23:12,359 - src.engine - INFO - Scanning markets...
2026-01-05 16:23:19,645 - src.engine - INFO - Found 17 active markets
2026-01-05 16:23:19,645 - src.engine - INFO - Detected 0 opportunities
2026-01-05 16:23:19,645 - src.engine - INFO - Sleeping 60s...
2026-01-05 16:24:19,645 - src.engine - INFO - Scanning markets...
