nohup: ignoring input
2026-01-08 10:55:13,232 INFO predarb.engine - Iteration 1
2026-01-08 10:55:13,932 INFO predarb.engine - Fetched 500 total markets
2026-01-08 10:55:24,608 INFO predarb.unified_reporter - Logged 40 trades to unified report
2026-01-08 10:55:24,671 INFO predarb.unified_reporter - Iteration 1: Recorded (markets=500, detected=353, approved=20)
2026-01-08 10:55:25,671 INFO predarb.engine - Iteration 2
2026-01-08 10:55:26,230 INFO predarb.engine - Fetched 500 total markets
2026-01-08 10:55:31,160 INFO predarb.unified_reporter - Logged 40 trades to unified report
2026-01-08 10:55:31,216 INFO predarb.unified_reporter - Iteration 2: Recorded (markets=500, detected=353, approved=0)
2026-01-08 10:55:32,217 INFO predarb.engine - Iteration 3
2026-01-08 10:55:32,747 INFO predarb.engine - Fetched 500 total markets
2026-01-08 10:55:37,713 INFO predarb.unified_reporter - Logged 40 trades to unified report
2026-01-08 10:55:38,716 INFO predarb.engine - Iteration 4
2026-01-08 10:55:39,278 INFO predarb.engine - Fetched 500 total markets
2026-01-08 10:55:44,216 INFO predarb.unified_reporter - Logged 40 trades to unified report
2026-01-08 10:55:45,219 INFO predarb.engine - Iteration 5
2026-01-08 10:55:45,891 INFO predarb.engine - Fetched 500 total markets
2026-01-08 10:55:50,876 INFO predarb.unified_reporter - Logged 40 trades to unified report
2026-01-08 10:55:51,879 INFO predarb.engine - Iteration 6
2026-01-08 10:55:52,437 INFO predarb.engine - Fetched 500 total markets
2026-01-08 10:55:57,703 INFO predarb.unified_reporter - Logged 40 trades to unified report
2026-01-08 10:55:58,706 INFO predarb.engine - Iteration 7
2026-01-08 10:55:59,182 INFO predarb.engine - Fetched 500 total markets
2026-01-08 10:56:04,548 INFO predarb.unified_reporter - Logged 40 trades to unified report
2026-01-08 10:56:05,550 INFO predarb.engine - Iteration 8
2026-01-08 10:56:06,032 INFO predarb.engine - Fetched 500 total markets
2026-01-08 10:56:11,170 INFO predarb.unified_reporter - Logged 40 trades to unified report
2026-01-08 10:56:12,172 INFO predarb.engine - Iteration 9
2026-01-08 10:56:12,710 INFO predarb.engine - Fetched 500 total markets
2026-01-08 10:56:17,849 INFO predarb.unified_reporter - Logged 40 trades to unified report
2026-01-08 10:56:18,851 INFO predarb.engine - Iteration 10
2026-01-08 10:56:19,396 INFO predarb.engine - Fetched 500 total markets
2026-01-08 10:56:24,291 INFO predarb.unified_reporter - Logged 40 trades to unified report
