nohup: ignoring input
2026-01-05 17:29:51,981 INFO predarb.engine - Iteration 1
2026-01-05 17:29:52,521 INFO predarb.engine - Fetched 1000 total markets
2026-01-05 17:29:52,537 INFO predarb.engine - Filtered to 0 eligible markets
2026-01-05 17:29:52,537 INFO predarb.engine - Ranked 0 markets by liquidity score
2026-01-05 17:29:52,537 INFO predarb.engine - Searching 0 high-quality markets (score >= 20.0)
2026-01-05 17:29:53,539 INFO predarb.engine - Iteration 2
2026-01-05 17:29:54,044 INFO predarb.engine - Fetched 1000 total markets
2026-01-05 17:29:54,058 INFO predarb.engine - Filtered to 0 eligible markets
2026-01-05 17:29:54,058 INFO predarb.engine - Ranked 0 markets by liquidity score
2026-01-05 17:29:54,058 INFO predarb.engine - Searching 0 high-quality markets (score >= 20.0)
2026-01-05 17:29:55,061 INFO predarb.engine - Iteration 3
2026-01-05 17:29:55,584 INFO predarb.engine - Fetched 1000 total markets
2026-01-05 17:29:55,599 INFO predarb.engine - Filtered to 0 eligible markets
2026-01-05 17:29:55,599 INFO predarb.engine - Ranked 0 markets by liquidity score
2026-01-05 17:29:55,599 INFO predarb.engine - Searching 0 high-quality markets (score >= 20.0)
2026-01-05 17:29:56,602 INFO predarb.engine - Iteration 4
2026-01-05 17:29:57,123 INFO predarb.engine - Fetched 1000 total markets
2026-01-05 17:29:57,139 INFO predarb.engine - Filtered to 0 eligible markets
2026-01-05 17:29:57,139 INFO predarb.engine - Ranked 0 markets by liquidity score
2026-01-05 17:29:57,139 INFO predarb.engine - Searching 0 high-quality markets (score >= 20.0)
2026-01-05 17:29:58,142 INFO predarb.engine - Iteration 5
2026-01-05 17:29:58,661 INFO predarb.engine - Fetched 1000 total markets
2026-01-05 17:29:58,676 INFO predarb.engine - Filtered to 0 eligible markets
2026-01-05 17:29:58,676 INFO predarb.engine - Ranked 0 markets by liquidity score
2026-01-05 17:29:58,676 INFO predarb.engine - Searching 0 high-quality markets (score >= 20.0)
2026-01-05 17:29:59,678 INFO predarb.engine - Iteration 6
2026-01-05 17:30:00,200 INFO predarb.engine - Fetched 1000 total markets
2026-01-05 17:30:00,219 INFO predarb.engine - Filtered to 0 eligible markets
2026-01-05 17:30:00,219 INFO predarb.engine - Ranked 0 markets by liquidity score
2026-01-05 17:30:00,219 INFO predarb.engine - Searching 0 high-quality markets (score >= 20.0)
2026-01-05 17:30:01,221 INFO predarb.engine - Iteration 7
2026-01-05 17:30:01,809 INFO predarb.engine - Fetched 1000 total markets
2026-01-05 17:30:01,823 INFO predarb.engine - Filtered to 0 eligible markets
2026-01-05 17:30:01,823 INFO predarb.engine - Ranked 0 markets by liquidity score
2026-01-05 17:30:01,823 INFO predarb.engine - Searching 0 high-quality markets (score >= 20.0)
2026-01-05 17:30:02,826 INFO predarb.engine - Iteration 8
2026-01-05 17:30:03,364 INFO predarb.engine - Fetched 1000 total markets
2026-01-05 17:30:03,379 INFO predarb.engine - Filtered to 0 eligible markets
2026-01-05 17:30:03,379 INFO predarb.engine - Ranked 0 markets by liquidity score
2026-01-05 17:30:03,379 INFO predarb.engine - Searching 0 high-quality markets (score >= 20.0)
2026-01-05 17:30:04,382 INFO predarb.engine - Iteration 9
2026-01-05 17:30:04,889 INFO predarb.engine - Fetched 1000 total markets
2026-01-05 17:30:04,904 INFO predarb.engine - Filtered to 0 eligible markets
2026-01-05 17:30:04,904 INFO predarb.engine - Ranked 0 markets by liquidity score
2026-01-05 17:30:04,904 INFO predarb.engine - Searching 0 high-quality markets (score >= 20.0)
2026-01-05 17:30:05,906 INFO predarb.engine - Iteration 10
2026-01-05 17:30:06,392 INFO predarb.engine - Fetched 1000 total markets
2026-01-05 17:30:06,406 INFO predarb.engine - Filtered to 0 eligible markets
2026-01-05 17:30:06,406 INFO predarb.engine - Ranked 0 markets by liquidity score
2026-01-05 17:30:06,406 INFO predarb.engine - Searching 0 high-quality markets (score >= 20.0)
2026-01-05 17:30:07,408 INFO predarb.engine - Iteration 11
2026-01-05 17:30:08,000 INFO predarb.engine - Fetched 1000 total markets
2026-01-05 17:30:08,021 INFO predarb.engine - Filtered to 0 eligible markets
2026-01-05 17:30:08,021 INFO predarb.engine - Ranked 0 markets by liquidity score
2026-01-05 17:30:08,022 INFO predarb.engine - Searching 0 high-quality markets (score >= 20.0)
2026-01-05 17:30:09,025 INFO predarb.engine - Iteration 12
2026-01-05 17:30:09,552 INFO predarb.engine - Fetched 1000 total markets
2026-01-05 17:30:09,569 INFO predarb.engine - Filtered to 0 eligible markets
2026-01-05 17:30:09,569 INFO predarb.engine - Ranked 0 markets by liquidity score
2026-01-05 17:30:09,569 INFO predarb.engine - Searching 0 high-quality markets (score >= 20.0)
2026-01-05 17:30:10,573 INFO predarb.engine - Iteration 13
2026-01-05 17:30:11,488 INFO predarb.engine - Fetched 1000 total markets
2026-01-05 17:30:11,503 INFO predarb.engine - Filtered to 0 eligible markets
2026-01-05 17:30:11,503 INFO predarb.engine - Ranked 0 markets by liquidity score
2026-01-05 17:30:11,503 INFO predarb.engine - Searching 0 high-quality markets (score >= 20.0)
2026-01-05 17:30:12,505 INFO predarb.engine - Iteration 14
2026-01-05 17:30:13,022 INFO predarb.engine - Fetched 1000 total markets
2026-01-05 17:30:13,037 INFO predarb.engine - Filtered to 0 eligible markets
2026-01-05 17:30:13,037 INFO predarb.engine - Ranked 0 markets by liquidity score
2026-01-05 17:30:13,037 INFO predarb.engine - Searching 0 high-quality markets (score >= 20.0)
2026-01-05 17:30:14,040 INFO predarb.engine - Iteration 15
2026-01-05 17:30:14,564 INFO predarb.engine - Fetched 1000 total markets
2026-01-05 17:30:14,579 INFO predarb.engine - Filtered to 0 eligible markets
2026-01-05 17:30:14,580 INFO predarb.engine - Ranked 0 markets by liquidity score
2026-01-05 17:30:14,580 INFO predarb.engine - Searching 0 high-quality markets (score >= 20.0)
2026-01-05 17:30:15,583 INFO predarb.engine - Iteration 16
2026-01-05 17:30:16,132 INFO predarb.engine - Fetched 1000 total markets
2026-01-05 17:30:16,146 INFO predarb.engine - Filtered to 0 eligible markets
2026-01-05 17:30:16,146 INFO predarb.engine - Ranked 0 markets by liquidity score
2026-01-05 17:30:16,146 INFO predarb.engine - Searching 0 high-quality markets (score >= 20.0)
2026-01-05 17:30:17,148 INFO predarb.engine - Iteration 17
2026-01-05 17:30:17,633 INFO predarb.engine - Fetched 1000 total markets
2026-01-05 17:30:17,651 INFO predarb.engine - Filtered to 0 eligible markets
2026-01-05 17:30:17,651 INFO predarb.engine - Ranked 0 markets by liquidity score
2026-01-05 17:30:17,651 INFO predarb.engine - Searching 0 high-quality markets (score >= 20.0)
2026-01-05 17:30:18,653 INFO predarb.engine - Iteration 18
2026-01-05 17:30:19,126 INFO predarb.engine - Fetched 1000 total markets
2026-01-05 17:30:19,140 INFO predarb.engine - Filtered to 0 eligible markets
2026-01-05 17:30:19,140 INFO predarb.engine - Ranked 0 markets by liquidity score
2026-01-05 17:30:19,140 INFO predarb.engine - Searching 0 high-quality markets (score >= 20.0)
2026-01-05 17:30:20,142 INFO predarb.engine - Iteration 19
2026-01-05 17:30:20,656 INFO predarb.engine - Fetched 1000 total markets
2026-01-05 17:30:20,671 INFO predarb.engine - Filtered to 0 eligible markets
2026-01-05 17:30:20,671 INFO predarb.engine - Ranked 0 markets by liquidity score
2026-01-05 17:30:20,671 INFO predarb.engine - Searching 0 high-quality markets (score >= 20.0)
2026-01-05 17:30:21,673 INFO predarb.engine - Iteration 20
2026-01-05 17:30:22,223 INFO predarb.engine - Fetched 1000 total markets
2026-01-05 17:30:22,238 INFO predarb.engine - Filtered to 0 eligible markets
2026-01-05 17:30:22,238 INFO predarb.engine - Ranked 0 markets by liquidity score
2026-01-05 17:30:22,238 INFO predarb.engine - Searching 0 high-quality markets (score >= 20.0)
2026-01-05 17:30:23,240 INFO predarb.engine - Iteration 21
2026-01-05 17:30:23,812 INFO predarb.engine - Fetched 1000 total markets
2026-01-05 17:30:23,827 INFO predarb.engine - Filtered to 0 eligible markets
2026-01-05 17:30:23,827 INFO predarb.engine - Ranked 0 markets by liquidity score
2026-01-05 17:30:23,827 INFO predarb.engine - Searching 0 high-quality markets (score >= 20.0)
2026-01-05 17:30:24,829 INFO predarb.engine - Iteration 22
2026-01-05 17:30:25,458 INFO predarb.engine - Fetched 1000 total markets
2026-01-05 17:30:25,476 INFO predarb.engine - Filtered to 0 eligible markets
2026-01-05 17:30:25,476 INFO predarb.engine - Ranked 0 markets by liquidity score
2026-01-05 17:30:25,476 INFO predarb.engine - Searching 0 high-quality markets (score >= 20.0)
2026-01-05 17:30:26,478 INFO predarb.engine - Iteration 23
2026-01-05 17:30:27,009 INFO predarb.engine - Fetched 1000 total markets
2026-01-05 17:30:27,025 INFO predarb.engine - Filtered to 0 eligible markets
2026-01-05 17:30:27,025 INFO predarb.engine - Ranked 0 markets by liquidity score
2026-01-05 17:30:27,025 INFO predarb.engine - Searching 0 high-quality markets (score >= 20.0)
2026-01-05 17:30:28,027 INFO predarb.engine - Iteration 24
2026-01-05 17:30:28,520 INFO predarb.engine - Fetched 1000 total markets
2026-01-05 17:30:28,536 INFO predarb.engine - Filtered to 0 eligible markets
2026-01-05 17:30:28,536 INFO predarb.engine - Ranked 0 markets by liquidity score
2026-01-05 17:30:28,536 INFO predarb.engine - Searching 0 high-quality markets (score >= 20.0)
2026-01-05 17:30:29,538 INFO predarb.engine - Iteration 25
2026-01-05 17:30:30,073 INFO predarb.engine - Fetched 1000 total markets
2026-01-05 17:30:30,087 INFO predarb.engine - Filtered to 0 eligible markets
2026-01-05 17:30:30,087 INFO predarb.engine - Ranked 0 markets by liquidity score
2026-01-05 17:30:30,087 INFO predarb.engine - Searching 0 high-quality markets (score >= 20.0)
2026-01-05 17:30:31,089 INFO predarb.engine - Iteration 26
2026-01-05 17:30:31,643 INFO predarb.engine - Fetched 1000 total markets
2026-01-05 17:30:31,658 INFO predarb.engine - Filtered to 0 eligible markets
2026-01-05 17:30:31,658 INFO predarb.engine - Ranked 0 markets by liquidity score
2026-01-05 17:30:31,658 INFO predarb.engine - Searching 0 high-quality markets (score >= 20.0)
2026-01-05 17:30:32,660 INFO predarb.engine - Iteration 27
2026-01-05 17:30:33,182 INFO predarb.engine - Fetched 1000 total markets
2026-01-05 17:30:33,197 INFO predarb.engine - Filtered to 0 eligible markets
2026-01-05 17:30:33,198 INFO predarb.engine - Ranked 0 markets by liquidity score
2026-01-05 17:30:33,198 INFO predarb.engine - Searching 0 high-quality markets (score >= 20.0)
2026-01-05 17:30:34,200 INFO predarb.engine - Iteration 28
2026-01-05 17:30:34,830 INFO predarb.engine - Fetched 1000 total markets
2026-01-05 17:30:34,845 INFO predarb.engine - Filtered to 0 eligible markets
2026-01-05 17:30:34,845 INFO predarb.engine - Ranked 0 markets by liquidity score
2026-01-05 17:30:34,845 INFO predarb.engine - Searching 0 high-quality markets (score >= 20.0)
2026-01-05 17:30:35,847 INFO predarb.engine - Iteration 29
2026-01-05 17:30:36,368 INFO predarb.engine - Fetched 1000 total markets
2026-01-05 17:30:36,387 INFO predarb.engine - Filtered to 0 eligible markets
2026-01-05 17:30:36,387 INFO predarb.engine - Ranked 0 markets by liquidity score
2026-01-05 17:30:36,387 INFO predarb.engine - Searching 0 high-quality markets (score >= 20.0)
2026-01-05 17:30:37,390 INFO predarb.engine - Iteration 30
2026-01-05 17:30:37,915 INFO predarb.engine - Fetched 1000 total markets
2026-01-05 17:30:37,931 INFO predarb.engine - Filtered to 0 eligible markets
2026-01-05 17:30:37,931 INFO predarb.engine - Ranked 0 markets by liquidity score
2026-01-05 17:30:37,931 INFO predarb.engine - Searching 0 high-quality markets (score >= 20.0)
2026-01-05 17:30:38,933 INFO predarb.engine - Iteration 31
2026-01-05 17:30:39,497 INFO predarb.engine - Fetched 1000 total markets
2026-01-05 17:30:39,517 INFO predarb.engine - Filtered to 0 eligible markets
2026-01-05 17:30:39,517 INFO predarb.engine - Ranked 0 markets by liquidity score
2026-01-05 17:30:39,517 INFO predarb.engine - Searching 0 high-quality markets (score >= 20.0)
2026-01-05 17:30:40,522 INFO predarb.engine - Iteration 32
2026-01-05 17:30:41,043 INFO predarb.engine - Fetched 1000 total markets
2026-01-05 17:30:41,058 INFO predarb.engine - Filtered to 0 eligible markets
2026-01-05 17:30:41,058 INFO predarb.engine - Ranked 0 markets by liquidity score
2026-01-05 17:30:41,058 INFO predarb.engine - Searching 0 high-quality markets (score >= 20.0)
2026-01-05 17:30:42,060 INFO predarb.engine - Iteration 33
2026-01-05 17:30:42,645 INFO predarb.engine - Fetched 1000 total markets
2026-01-05 17:30:42,661 INFO predarb.engine - Filtered to 0 eligible markets
2026-01-05 17:30:42,661 INFO predarb.engine - Ranked 0 markets by liquidity score
2026-01-05 17:30:42,661 INFO predarb.engine - Searching 0 high-quality markets (score >= 20.0)
2026-01-05 17:30:43,663 INFO predarb.engine - Iteration 34
2026-01-05 17:30:44,163 INFO predarb.engine - Fetched 1000 total markets
2026-01-05 17:30:44,177 INFO predarb.engine - Filtered to 0 eligible markets
2026-01-05 17:30:44,177 INFO predarb.engine - Ranked 0 markets by liquidity score
2026-01-05 17:30:44,177 INFO predarb.engine - Searching 0 high-quality markets (score >= 20.0)
2026-01-05 17:30:45,179 INFO predarb.engine - Iteration 35
2026-01-05 17:30:45,776 INFO predarb.engine - Fetched 1000 total markets
2026-01-05 17:30:45,790 INFO predarb.engine - Filtered to 0 eligible markets
2026-01-05 17:30:45,790 INFO predarb.engine - Ranked 0 markets by liquidity score
2026-01-05 17:30:45,790 INFO predarb.engine - Searching 0 high-quality markets (score >= 20.0)
2026-01-05 17:30:46,792 INFO predarb.engine - Iteration 36
2026-01-05 17:30:47,372 INFO predarb.engine - Fetched 1000 total markets
2026-01-05 17:30:47,387 INFO predarb.engine - Filtered to 0 eligible markets
2026-01-05 17:30:47,387 INFO predarb.engine - Ranked 0 markets by liquidity score
2026-01-05 17:30:47,387 INFO predarb.engine - Searching 0 high-quality markets (score >= 20.0)
2026-01-05 17:30:48,389 INFO predarb.engine - Iteration 37
2026-01-05 17:30:48,933 INFO predarb.engine - Fetched 1000 total markets
2026-01-05 17:30:48,950 INFO predarb.engine - Filtered to 0 eligible markets
2026-01-05 17:30:48,950 INFO predarb.engine - Ranked 0 markets by liquidity score
2026-01-05 17:30:48,950 INFO predarb.engine - Searching 0 high-quality markets (score >= 20.0)
2026-01-05 17:30:49,952 INFO predarb.engine - Iteration 38
2026-01-05 17:30:50,559 INFO predarb.engine - Fetched 1000 total markets
2026-01-05 17:30:50,576 INFO predarb.engine - Filtered to 0 eligible markets
2026-01-05 17:30:50,576 INFO predarb.engine - Ranked 0 markets by liquidity score
2026-01-05 17:30:50,576 INFO predarb.engine - Searching 0 high-quality markets (score >= 20.0)
2026-01-05 17:30:51,578 INFO predarb.engine - Iteration 39
2026-01-05 17:30:52,157 INFO predarb.engine - Fetched 1000 total markets
2026-01-05 17:30:52,173 INFO predarb.engine - Filtered to 0 eligible markets
2026-01-05 17:30:52,173 INFO predarb.engine - Ranked 0 markets by liquidity score
2026-01-05 17:30:52,173 INFO predarb.engine - Searching 0 high-quality markets (score >= 20.0)
2026-01-05 17:30:53,175 INFO predarb.engine - Iteration 40
2026-01-05 17:30:53,715 INFO predarb.engine - Fetched 1000 total markets
2026-01-05 17:30:53,728 INFO predarb.engine - Filtered to 0 eligible markets
2026-01-05 17:30:53,728 INFO predarb.engine - Ranked 0 markets by liquidity score
2026-01-05 17:30:53,728 INFO predarb.engine - Searching 0 high-quality markets (score >= 20.0)
2026-01-05 17:30:54,730 INFO predarb.engine - Iteration 41
2026-01-05 17:30:55,414 INFO predarb.engine - Fetched 1000 total markets
2026-01-05 17:30:55,429 INFO predarb.engine - Filtered to 0 eligible markets
2026-01-05 17:30:55,429 INFO predarb.engine - Ranked 0 markets by liquidity score
2026-01-05 17:30:55,429 INFO predarb.engine - Searching 0 high-quality markets (score >= 20.0)
2026-01-05 17:30:56,431 INFO predarb.engine - Iteration 42
2026-01-05 17:30:57,047 INFO predarb.engine - Fetched 1000 total markets
2026-01-05 17:30:57,063 INFO predarb.engine - Filtered to 0 eligible markets
2026-01-05 17:30:57,063 INFO predarb.engine - Ranked 0 markets by liquidity score
2026-01-05 17:30:57,063 INFO predarb.engine - Searching 0 high-quality markets (score >= 20.0)
2026-01-05 17:30:58,065 INFO predarb.engine - Iteration 43
2026-01-05 17:30:58,589 INFO predarb.engine - Fetched 1000 total markets
2026-01-05 17:30:58,603 INFO predarb.engine - Filtered to 0 eligible markets
2026-01-05 17:30:58,603 INFO predarb.engine - Ranked 0 markets by liquidity score
2026-01-05 17:30:58,603 INFO predarb.engine - Searching 0 high-quality markets (score >= 20.0)
2026-01-05 17:30:59,605 INFO predarb.engine - Iteration 44
2026-01-05 17:31:00,137 INFO predarb.engine - Fetched 1000 total markets
2026-01-05 17:31:00,153 INFO predarb.engine - Filtered to 0 eligible markets
2026-01-05 17:31:00,153 INFO predarb.engine - Ranked 0 markets by liquidity score
2026-01-05 17:31:00,153 INFO predarb.engine - Searching 0 high-quality markets (score >= 20.0)
2026-01-05 17:31:01,156 INFO predarb.engine - Iteration 45
2026-01-05 17:31:01,741 INFO predarb.engine - Fetched 1000 total markets
2026-01-05 17:31:01,758 INFO predarb.engine - Filtered to 0 eligible markets
2026-01-05 17:31:01,758 INFO predarb.engine - Ranked 0 markets by liquidity score
2026-01-05 17:31:01,758 INFO predarb.engine - Searching 0 high-quality markets (score >= 20.0)
2026-01-05 17:31:02,760 INFO predarb.engine - Iteration 46
2026-01-05 17:31:03,361 INFO predarb.engine - Fetched 1000 total markets
2026-01-05 17:31:03,379 INFO predarb.engine - Filtered to 0 eligible markets
2026-01-05 17:31:03,379 INFO predarb.engine - Ranked 0 markets by liquidity score
2026-01-05 17:31:03,379 INFO predarb.engine - Searching 0 high-quality markets (score >= 20.0)
2026-01-05 17:31:04,381 INFO predarb.engine - Iteration 47
2026-01-05 17:31:05,114 INFO predarb.engine - Fetched 1000 total markets
2026-01-05 17:31:05,131 INFO predarb.engine - Filtered to 0 eligible markets
2026-01-05 17:31:05,132 INFO predarb.engine - Ranked 0 markets by liquidity score
2026-01-05 17:31:05,132 INFO predarb.engine - Searching 0 high-quality markets (score >= 20.0)
2026-01-05 17:31:06,134 INFO predarb.engine - Iteration 48
2026-01-05 17:31:06,625 INFO predarb.engine - Fetched 1000 total markets
2026-01-05 17:31:06,643 INFO predarb.engine - Filtered to 0 eligible markets
2026-01-05 17:31:06,643 INFO predarb.engine - Ranked 0 markets by liquidity score
2026-01-05 17:31:06,643 INFO predarb.engine - Searching 0 high-quality markets (score >= 20.0)
2026-01-05 17:31:07,646 INFO predarb.engine - Iteration 49
2026-01-05 17:31:08,205 INFO predarb.engine - Fetched 1000 total markets
2026-01-05 17:31:08,220 INFO predarb.engine - Filtered to 0 eligible markets
2026-01-05 17:31:08,220 INFO predarb.engine - Ranked 0 markets by liquidity score
2026-01-05 17:31:08,220 INFO predarb.engine - Searching 0 high-quality markets (score >= 20.0)
2026-01-05 17:31:09,223 INFO predarb.engine - Iteration 50
2026-01-05 17:31:09,750 INFO predarb.engine - Fetched 1000 total markets
2026-01-05 17:31:09,764 INFO predarb.engine - Filtered to 0 eligible markets
2026-01-05 17:31:09,765 INFO predarb.engine - Ranked 0 markets by liquidity score
2026-01-05 17:31:09,765 INFO predarb.engine - Searching 0 high-quality markets (score >= 20.0)
2026-01-05 17:31:10,767 INFO predarb.engine - Iteration 51
2026-01-05 17:31:11,318 INFO predarb.engine - Fetched 1000 total markets
2026-01-05 17:31:11,333 INFO predarb.engine - Filtered to 0 eligible markets
2026-01-05 17:31:11,333 INFO predarb.engine - Ranked 0 markets by liquidity score
2026-01-05 17:31:11,333 INFO predarb.engine - Searching 0 high-quality markets (score >= 20.0)
2026-01-05 17:31:12,336 INFO predarb.engine - Iteration 52
2026-01-05 17:31:12,830 INFO predarb.engine - Fetched 1000 total markets
2026-01-05 17:31:12,845 INFO predarb.engine - Filtered to 0 eligible markets
2026-01-05 17:31:12,845 INFO predarb.engine - Ranked 0 markets by liquidity score
2026-01-05 17:31:12,845 INFO predarb.engine - Searching 0 high-quality markets (score >= 20.0)
2026-01-05 17:31:13,848 INFO predarb.engine - Iteration 53
2026-01-05 17:31:14,387 INFO predarb.engine - Fetched 1000 total markets
2026-01-05 17:31:14,404 INFO predarb.engine - Filtered to 0 eligible markets
2026-01-05 17:31:14,404 INFO predarb.engine - Ranked 0 markets by liquidity score
2026-01-05 17:31:14,404 INFO predarb.engine - Searching 0 high-quality markets (score >= 20.0)
2026-01-05 17:31:15,407 INFO predarb.engine - Iteration 54
2026-01-05 17:31:15,905 INFO predarb.engine - Fetched 1000 total markets
2026-01-05 17:31:15,919 INFO predarb.engine - Filtered to 0 eligible markets
2026-01-05 17:31:15,920 INFO predarb.engine - Ranked 0 markets by liquidity score
2026-01-05 17:31:15,920 INFO predarb.engine - Searching 0 high-quality markets (score >= 20.0)
2026-01-05 17:31:16,922 INFO predarb.engine - Iteration 55
2026-01-05 17:31:17,528 INFO predarb.engine - Fetched 1000 total markets
2026-01-05 17:31:17,542 INFO predarb.engine - Filtered to 0 eligible markets
2026-01-05 17:31:17,542 INFO predarb.engine - Ranked 0 markets by liquidity score
2026-01-05 17:31:17,542 INFO predarb.engine - Searching 0 high-quality markets (score >= 20.0)
2026-01-05 17:31:18,544 INFO predarb.engine - Iteration 56
2026-01-05 17:31:19,005 INFO predarb.engine - Fetched 1000 total markets
2026-01-05 17:31:19,020 INFO predarb.engine - Filtered to 0 eligible markets
2026-01-05 17:31:19,020 INFO predarb.engine - Ranked 0 markets by liquidity score
2026-01-05 17:31:19,021 INFO predarb.engine - Searching 0 high-quality markets (score >= 20.0)
2026-01-05 17:31:20,023 INFO predarb.engine - Iteration 57
2026-01-05 17:31:20,513 INFO predarb.engine - Fetched 1000 total markets
2026-01-05 17:31:20,529 INFO predarb.engine - Filtered to 0 eligible markets
2026-01-05 17:31:20,529 INFO predarb.engine - Ranked 0 markets by liquidity score
2026-01-05 17:31:20,529 INFO predarb.engine - Searching 0 high-quality markets (score >= 20.0)
2026-01-05 17:31:21,532 INFO predarb.engine - Iteration 58
2026-01-05 17:31:22,072 INFO predarb.engine - Fetched 1000 total markets
2026-01-05 17:31:22,087 INFO predarb.engine - Filtered to 0 eligible markets
2026-01-05 17:31:22,087 INFO predarb.engine - Ranked 0 markets by liquidity score
2026-01-05 17:31:22,087 INFO predarb.engine - Searching 0 high-quality markets (score >= 20.0)
2026-01-05 17:31:23,089 INFO predarb.engine - Iteration 59
2026-01-05 17:31:23,658 INFO predarb.engine - Fetched 1000 total markets
2026-01-05 17:31:23,673 INFO predarb.engine - Filtered to 0 eligible markets
2026-01-05 17:31:23,673 INFO predarb.engine - Ranked 0 markets by liquidity score
2026-01-05 17:31:23,673 INFO predarb.engine - Searching 0 high-quality markets (score >= 20.0)
2026-01-05 17:31:24,675 INFO predarb.engine - Iteration 60
2026-01-05 17:31:25,190 INFO predarb.engine - Fetched 1000 total markets
2026-01-05 17:31:25,204 INFO predarb.engine - Filtered to 0 eligible markets
2026-01-05 17:31:25,204 INFO predarb.engine - Ranked 0 markets by liquidity score
2026-01-05 17:31:25,205 INFO predarb.engine - Searching 0 high-quality markets (score >= 20.0)
2026-01-05 17:31:26,206 INFO predarb.engine - Iteration 61
2026-01-05 17:31:26,676 INFO predarb.engine - Fetched 1000 total markets
2026-01-05 17:31:26,690 INFO predarb.engine - Filtered to 0 eligible markets
2026-01-05 17:31:26,690 INFO predarb.engine - Ranked 0 markets by liquidity score
2026-01-05 17:31:26,690 INFO predarb.engine - Searching 0 high-quality markets (score >= 20.0)
2026-01-05 17:31:27,692 INFO predarb.engine - Iteration 62
2026-01-05 17:31:28,183 INFO predarb.engine - Fetched 1000 total markets
2026-01-05 17:31:28,198 INFO predarb.engine - Filtered to 0 eligible markets
2026-01-05 17:31:28,198 INFO predarb.engine - Ranked 0 markets by liquidity score
2026-01-05 17:31:28,198 INFO predarb.engine - Searching 0 high-quality markets (score >= 20.0)
2026-01-05 17:31:29,201 INFO predarb.engine - Iteration 63
2026-01-05 17:31:29,732 INFO predarb.engine - Fetched 1000 total markets
2026-01-05 17:31:29,747 INFO predarb.engine - Filtered to 0 eligible markets
2026-01-05 17:31:29,748 INFO predarb.engine - Ranked 0 markets by liquidity score
2026-01-05 17:31:29,748 INFO predarb.engine - Searching 0 high-quality markets (score >= 20.0)
2026-01-05 17:31:30,750 INFO predarb.engine - Iteration 64
2026-01-05 17:31:31,297 INFO predarb.engine - Fetched 1000 total markets
2026-01-05 17:31:31,311 INFO predarb.engine - Filtered to 0 eligible markets
2026-01-05 17:31:31,311 INFO predarb.engine - Ranked 0 markets by liquidity score
2026-01-05 17:31:31,311 INFO predarb.engine - Searching 0 high-quality markets (score >= 20.0)
2026-01-05 17:31:32,313 INFO predarb.engine - Iteration 65
2026-01-05 17:31:32,836 INFO predarb.engine - Fetched 1000 total markets
2026-01-05 17:31:32,849 INFO predarb.engine - Filtered to 0 eligible markets
2026-01-05 17:31:32,850 INFO predarb.engine - Ranked 0 markets by liquidity score
2026-01-05 17:31:32,850 INFO predarb.engine - Searching 0 high-quality markets (score >= 20.0)
2026-01-05 17:31:33,851 INFO predarb.engine - Iteration 66
2026-01-05 17:31:34,445 INFO predarb.engine - Fetched 1000 total markets
2026-01-05 17:31:34,461 INFO predarb.engine - Filtered to 0 eligible markets
2026-01-05 17:31:34,461 INFO predarb.engine - Ranked 0 markets by liquidity score
2026-01-05 17:31:34,461 INFO predarb.engine - Searching 0 high-quality markets (score >= 20.0)
2026-01-05 17:31:35,463 INFO predarb.engine - Iteration 67
2026-01-05 17:31:35,982 INFO predarb.engine - Fetched 1000 total markets
2026-01-05 17:31:35,998 INFO predarb.engine - Filtered to 0 eligible markets
2026-01-05 17:31:35,998 INFO predarb.engine - Ranked 0 markets by liquidity score
2026-01-05 17:31:35,998 INFO predarb.engine - Searching 0 high-quality markets (score >= 20.0)
2026-01-05 17:31:37,001 INFO predarb.engine - Iteration 68
2026-01-05 17:31:37,565 INFO predarb.engine - Fetched 1000 total markets
2026-01-05 17:31:37,579 INFO predarb.engine - Filtered to 0 eligible markets
2026-01-05 17:31:37,579 INFO predarb.engine - Ranked 0 markets by liquidity score
2026-01-05 17:31:37,579 INFO predarb.engine - Searching 0 high-quality markets (score >= 20.0)
2026-01-05 17:31:38,581 INFO predarb.engine - Iteration 69
2026-01-05 17:31:39,138 INFO predarb.engine - Fetched 1000 total markets
2026-01-05 17:31:39,152 INFO predarb.engine - Filtered to 0 eligible markets
2026-01-05 17:31:39,153 INFO predarb.engine - Ranked 0 markets by liquidity score
2026-01-05 17:31:39,153 INFO predarb.engine - Searching 0 high-quality markets (score >= 20.0)
2026-01-05 17:31:40,154 INFO predarb.engine - Iteration 70
2026-01-05 17:31:40,687 INFO predarb.engine - Fetched 1000 total markets
2026-01-05 17:31:40,702 INFO predarb.engine - Filtered to 0 eligible markets
2026-01-05 17:31:40,703 INFO predarb.engine - Ranked 0 markets by liquidity score
2026-01-05 17:31:40,703 INFO predarb.engine - Searching 0 high-quality markets (score >= 20.0)
2026-01-05 17:31:41,705 INFO predarb.engine - Iteration 71
2026-01-05 17:31:42,379 INFO predarb.engine - Fetched 1000 total markets
2026-01-05 17:31:42,394 INFO predarb.engine - Filtered to 0 eligible markets
2026-01-05 17:31:42,394 INFO predarb.engine - Ranked 0 markets by liquidity score
2026-01-05 17:31:42,394 INFO predarb.engine - Searching 0 high-quality markets (score >= 20.0)
2026-01-05 17:31:43,396 INFO predarb.engine - Iteration 72
2026-01-05 17:31:44,095 INFO predarb.engine - Fetched 1000 total markets
2026-01-05 17:31:44,111 INFO predarb.engine - Filtered to 0 eligible markets
2026-01-05 17:31:44,111 INFO predarb.engine - Ranked 0 markets by liquidity score
2026-01-05 17:31:44,111 INFO predarb.engine - Searching 0 high-quality markets (score >= 20.0)
2026-01-05 17:31:45,114 INFO predarb.engine - Iteration 73
2026-01-05 17:31:45,588 INFO predarb.engine - Fetched 1000 total markets
2026-01-05 17:31:45,604 INFO predarb.engine - Filtered to 0 eligible markets
2026-01-05 17:31:45,604 INFO predarb.engine - Ranked 0 markets by liquidity score
2026-01-05 17:31:45,604 INFO predarb.engine - Searching 0 high-quality markets (score >= 20.0)
2026-01-05 17:31:46,606 INFO predarb.engine - Iteration 74
2026-01-05 17:31:47,128 INFO predarb.engine - Fetched 1000 total markets
2026-01-05 17:31:47,143 INFO predarb.engine - Filtered to 0 eligible markets
2026-01-05 17:31:47,143 INFO predarb.engine - Ranked 0 markets by liquidity score
2026-01-05 17:31:47,143 INFO predarb.engine - Searching 0 high-quality markets (score >= 20.0)
2026-01-05 17:31:48,145 INFO predarb.engine - Iteration 75
2026-01-05 17:31:48,848 INFO predarb.engine - Fetched 1000 total markets
2026-01-05 17:31:48,863 INFO predarb.engine - Filtered to 0 eligible markets
2026-01-05 17:31:48,863 INFO predarb.engine - Ranked 0 markets by liquidity score
2026-01-05 17:31:48,863 INFO predarb.engine - Searching 0 high-quality markets (score >= 20.0)
2026-01-05 17:31:49,866 INFO predarb.engine - Iteration 76
2026-01-05 17:31:50,379 INFO predarb.engine - Fetched 1000 total markets
2026-01-05 17:31:50,395 INFO predarb.engine - Filtered to 0 eligible markets
2026-01-05 17:31:50,395 INFO predarb.engine - Ranked 0 markets by liquidity score
2026-01-05 17:31:50,395 INFO predarb.engine - Searching 0 high-quality markets (score >= 20.0)
2026-01-05 17:31:51,398 INFO predarb.engine - Iteration 77
2026-01-05 17:31:51,948 INFO predarb.engine - Fetched 1000 total markets
2026-01-05 17:31:51,962 INFO predarb.engine - Filtered to 0 eligible markets
2026-01-05 17:31:51,962 INFO predarb.engine - Ranked 0 markets by liquidity score
2026-01-05 17:31:51,962 INFO predarb.engine - Searching 0 high-quality markets (score >= 20.0)
2026-01-05 17:31:52,964 INFO predarb.engine - Iteration 78
2026-01-05 17:31:53,457 INFO predarb.engine - Fetched 1000 total markets
2026-01-05 17:31:53,473 INFO predarb.engine - Filtered to 0 eligible markets
2026-01-05 17:31:53,473 INFO predarb.engine - Ranked 0 markets by liquidity score
2026-01-05 17:31:53,474 INFO predarb.engine - Searching 0 high-quality markets (score >= 20.0)
2026-01-05 17:31:54,475 INFO predarb.engine - Iteration 79
2026-01-05 17:31:55,009 INFO predarb.engine - Fetched 1000 total markets
2026-01-05 17:31:55,024 INFO predarb.engine - Filtered to 0 eligible markets
2026-01-05 17:31:55,024 INFO predarb.engine - Ranked 0 markets by liquidity score
2026-01-05 17:31:55,025 INFO predarb.engine - Searching 0 high-quality markets (score >= 20.0)
2026-01-05 17:31:56,027 INFO predarb.engine - Iteration 80
2026-01-05 17:31:56,532 INFO predarb.engine - Fetched 1000 total markets
2026-01-05 17:31:56,546 INFO predarb.engine - Filtered to 0 eligible markets
2026-01-05 17:31:56,546 INFO predarb.engine - Ranked 0 markets by liquidity score
2026-01-05 17:31:56,546 INFO predarb.engine - Searching 0 high-quality markets (score >= 20.0)
2026-01-05 17:31:57,548 INFO predarb.engine - Iteration 81
2026-01-05 17:31:58,120 INFO predarb.engine - Fetched 1000 total markets
2026-01-05 17:31:58,135 INFO predarb.engine - Filtered to 0 eligible markets
2026-01-05 17:31:58,135 INFO predarb.engine - Ranked 0 markets by liquidity score
2026-01-05 17:31:58,135 INFO predarb.engine - Searching 0 high-quality markets (score >= 20.0)
2026-01-05 17:31:59,137 INFO predarb.engine - Iteration 82
2026-01-05 17:31:59,640 INFO predarb.engine - Fetched 1000 total markets
2026-01-05 17:31:59,653 INFO predarb.engine - Filtered to 0 eligible markets
2026-01-05 17:31:59,654 INFO predarb.engine - Ranked 0 markets by liquidity score
2026-01-05 17:31:59,654 INFO predarb.engine - Searching 0 high-quality markets (score >= 20.0)
2026-01-05 17:32:00,656 INFO predarb.engine - Iteration 83
2026-01-05 17:32:01,209 INFO predarb.engine - Fetched 1000 total markets
2026-01-05 17:32:01,224 INFO predarb.engine - Filtered to 0 eligible markets
2026-01-05 17:32:01,224 INFO predarb.engine - Ranked 0 markets by liquidity score
2026-01-05 17:32:01,224 INFO predarb.engine - Searching 0 high-quality markets (score >= 20.0)
2026-01-05 17:32:02,226 INFO predarb.engine - Iteration 84
2026-01-05 17:32:02,732 INFO predarb.engine - Fetched 1000 total markets
2026-01-05 17:32:02,747 INFO predarb.engine - Filtered to 0 eligible markets
2026-01-05 17:32:02,748 INFO predarb.engine - Ranked 0 markets by liquidity score
2026-01-05 17:32:02,748 INFO predarb.engine - Searching 0 high-quality markets (score >= 20.0)
2026-01-05 17:32:03,750 INFO predarb.engine - Iteration 85
2026-01-05 17:32:04,269 INFO predarb.engine - Fetched 1000 total markets
2026-01-05 17:32:04,284 INFO predarb.engine - Filtered to 0 eligible markets
2026-01-05 17:32:04,284 INFO predarb.engine - Ranked 0 markets by liquidity score
2026-01-05 17:32:04,284 INFO predarb.engine - Searching 0 high-quality markets (score >= 20.0)
2026-01-05 17:32:05,285 INFO predarb.engine - Iteration 86
2026-01-05 17:32:05,883 INFO predarb.engine - Fetched 1000 total markets
2026-01-05 17:32:05,898 INFO predarb.engine - Filtered to 0 eligible markets
2026-01-05 17:32:05,898 INFO predarb.engine - Ranked 0 markets by liquidity score
2026-01-05 17:32:05,898 INFO predarb.engine - Searching 0 high-quality markets (score >= 20.0)
2026-01-05 17:32:06,900 INFO predarb.engine - Iteration 87
2026-01-05 17:32:07,396 INFO predarb.engine - Fetched 1000 total markets
2026-01-05 17:32:07,421 INFO predarb.engine - Filtered to 0 eligible markets
2026-01-05 17:32:07,422 INFO predarb.engine - Ranked 0 markets by liquidity score
2026-01-05 17:32:07,422 INFO predarb.engine - Searching 0 high-quality markets (score >= 20.0)
2026-01-05 17:32:08,425 INFO predarb.engine - Iteration 88
2026-01-05 17:32:08,935 INFO predarb.engine - Fetched 1000 total markets
2026-01-05 17:32:08,951 INFO predarb.engine - Filtered to 0 eligible markets
2026-01-05 17:32:08,951 INFO predarb.engine - Ranked 0 markets by liquidity score
2026-01-05 17:32:08,951 INFO predarb.engine - Searching 0 high-quality markets (score >= 20.0)
2026-01-05 17:32:09,953 INFO predarb.engine - Iteration 89
2026-01-05 17:32:10,512 INFO predarb.engine - Fetched 1000 total markets
2026-01-05 17:32:10,528 INFO predarb.engine - Filtered to 0 eligible markets
2026-01-05 17:32:10,528 INFO predarb.engine - Ranked 0 markets by liquidity score
2026-01-05 17:32:10,528 INFO predarb.engine - Searching 0 high-quality markets (score >= 20.0)
2026-01-05 17:32:11,530 INFO predarb.engine - Iteration 90
2026-01-05 17:32:12,049 INFO predarb.engine - Fetched 1000 total markets
2026-01-05 17:32:12,063 INFO predarb.engine - Filtered to 0 eligible markets
2026-01-05 17:32:12,063 INFO predarb.engine - Ranked 0 markets by liquidity score
2026-01-05 17:32:12,063 INFO predarb.engine - Searching 0 high-quality markets (score >= 20.0)
2026-01-05 17:32:13,066 INFO predarb.engine - Iteration 91
2026-01-05 17:32:13,590 INFO predarb.engine - Fetched 1000 total markets
2026-01-05 17:32:13,606 INFO predarb.engine - Filtered to 0 eligible markets
2026-01-05 17:32:13,606 INFO predarb.engine - Ranked 0 markets by liquidity score
2026-01-05 17:32:13,606 INFO predarb.engine - Searching 0 high-quality markets (score >= 20.0)
2026-01-05 17:32:14,608 INFO predarb.engine - Iteration 92
2026-01-05 17:32:15,222 INFO predarb.engine - Fetched 1000 total markets
2026-01-05 17:32:15,240 INFO predarb.engine - Filtered to 0 eligible markets
2026-01-05 17:32:15,240 INFO predarb.engine - Ranked 0 markets by liquidity score
2026-01-05 17:32:15,240 INFO predarb.engine - Searching 0 high-quality markets (score >= 20.0)
2026-01-05 17:32:16,242 INFO predarb.engine - Iteration 93
